mode: set
omg/api/cmd/serverd/main.go:28.13,40.41 3 0
omg/api/cmd/serverd/main.go:40.41,42.3 1 0
omg/api/cmd/serverd/main.go:44.2,44.33 1 0
omg/api/cmd/serverd/main.go:44.33,46.3 1 0
omg/api/cmd/serverd/main.go:48.2,48.27 1 0
omg/api/cmd/serverd/main.go:51.37,54.16 3 0
omg/api/cmd/serverd/main.go:54.16,56.3 1 0
omg/api/cmd/serverd/main.go:57.2,58.16 2 0
omg/api/cmd/serverd/main.go:58.16,60.3 1 0
omg/api/cmd/serverd/main.go:62.2,63.16 2 0
omg/api/cmd/serverd/main.go:63.16,65.3 1 0
omg/api/cmd/serverd/main.go:67.2,75.12 5 0
omg/api/cmd/serverd/main.go:80.53,81.60 1 0
omg/api/cmd/serverd/main.go:81.60,83.3 1 0
omg/api/cmd/serverd/main.go:85.2,95.8 1 0
omg/api/internal/authenticate/auth.go:25.87,27.16 2 1
omg/api/internal/authenticate/auth.go:27.16,28.39 1 1
omg/api/internal/authenticate/auth.go:28.39,30.4 1 1
omg/api/internal/authenticate/auth.go:31.3,31.17 1 1
omg/api/internal/authenticate/auth.go:34.2,34.87 1 1
omg/api/internal/authenticate/auth.go:34.87,36.3 1 1
omg/api/internal/authenticate/auth.go:38.2,48.37 3 1
omg/api/internal/authenticate/auth.go:51.74,52.104 1 1
omg/api/internal/authenticate/auth.go:52.104,54.3 1 1
omg/api/internal/authenticate/auth.go:56.2,56.16 1 1
omg/api/internal/authenticate/auth.go:56.16,57.42 1 1
omg/api/internal/authenticate/auth.go:57.42,59.4 1 1
omg/api/internal/authenticate/auth.go:60.3,60.18 1 1
omg/api/internal/authenticate/auth.go:63.2,63.61 1 1
omg/api/internal/authenticate/auth.go:63.61,65.3 1 1
omg/api/internal/authenticate/auth.go:67.2,67.17 1 0
omg/api/internal/authenticate/auth.go:70.74,79.2 3 1
omg/api/internal/authenticate/middleware.go:11.52,12.30 1 1
omg/api/internal/authenticate/middleware.go:12.30,14.23 2 1
omg/api/internal/authenticate/middleware.go:14.23,18.4 3 1
omg/api/internal/authenticate/middleware.go:21.3,22.46 2 1
omg/api/internal/authenticate/middleware.go:22.46,26.4 3 1
omg/api/internal/authenticate/middleware.go:28.3,30.17 3 1
omg/api/internal/authenticate/middleware.go:30.17,31.11 1 1
omg/api/internal/authenticate/middleware.go:32.41,33.69 1 1
omg/api/internal/authenticate/middleware.go:34.12,35.69 1 1
omg/api/internal/authenticate/middleware.go:37.4,38.10 2 1
omg/api/internal/authenticate/middleware.go:41.3,43.11 3 1
omg/api/internal/authenticate/mock_Auth.go:16.72,19.19 2 0
omg/api/internal/authenticate/mock_Auth.go:19.19,20.62 1 0
omg/api/internal/authenticate/mock_Auth.go:23.2,25.60 3 0
omg/api/internal/authenticate/mock_Auth.go:25.60,27.3 1 0
omg/api/internal/authenticate/mock_Auth.go:28.2,28.51 1 0
omg/api/internal/authenticate/mock_Auth.go:28.51,30.3 1 0
omg/api/internal/authenticate/mock_Auth.go:30.8,32.3 1 0
omg/api/internal/authenticate/mock_Auth.go:34.2,34.50 1 0
omg/api/internal/authenticate/mock_Auth.go:34.50,36.3 1 0
omg/api/internal/authenticate/mock_Auth.go:36.8,38.3 1 0
omg/api/internal/authenticate/mock_Auth.go:40.2,40.15 1 0
omg/api/internal/authenticate/mock_Auth.go:44.92,47.19 2 0
omg/api/internal/authenticate/mock_Auth.go:47.19,48.47 1 0
omg/api/internal/authenticate/mock_Auth.go:51.2,53.83 3 0
omg/api/internal/authenticate/mock_Auth.go:53.83,55.3 1 0
omg/api/internal/authenticate/mock_Auth.go:56.2,56.74 1 0
omg/api/internal/authenticate/mock_Auth.go:56.74,58.3 1 0
omg/api/internal/authenticate/mock_Auth.go:58.8,60.3 1 0
omg/api/internal/authenticate/mock_Auth.go:62.2,62.73 1 0
omg/api/internal/authenticate/mock_Auth.go:62.73,64.3 1 0
omg/api/internal/authenticate/mock_Auth.go:64.8,66.3 1 0
omg/api/internal/authenticate/mock_Auth.go:68.2,68.15 1 0
omg/api/internal/authenticate/mock_Auth.go:72.72,75.19 2 0
omg/api/internal/authenticate/mock_Auth.go:75.19,76.55 1 0
omg/api/internal/authenticate/mock_Auth.go:79.2,81.62 3 0
omg/api/internal/authenticate/mock_Auth.go:81.62,83.3 1 0
omg/api/internal/authenticate/mock_Auth.go:84.2,84.53 1 0
omg/api/internal/authenticate/mock_Auth.go:84.53,86.3 1 0
omg/api/internal/authenticate/mock_Auth.go:86.8,87.24 1 0
omg/api/internal/authenticate/mock_Auth.go:87.24,89.4 1 0
omg/api/internal/authenticate/mock_Auth.go:92.2,92.51 1 0
omg/api/internal/authenticate/mock_Auth.go:92.51,94.3 1 0
omg/api/internal/authenticate/mock_Auth.go:94.8,96.3 1 0
omg/api/internal/authenticate/mock_Auth.go:98.2,98.15 1 0
omg/api/internal/authenticate/mock_Auth.go:106.14,110.19 3 0
omg/api/internal/authenticate/mock_Auth.go:110.19,110.49 1 0
omg/api/internal/authenticate/mock_Auth.go:112.2,112.13 1 0
omg/api/internal/authenticate/mock_Middleware.go:16.53,19.19 2 0
omg/api/internal/authenticate/mock_Middleware.go:19.19,20.49 1 0
omg/api/internal/authenticate/mock_Middleware.go:23.2,24.55 2 0
omg/api/internal/authenticate/mock_Middleware.go:24.55,26.3 1 0
omg/api/internal/authenticate/mock_Middleware.go:26.8,27.24 1 0
omg/api/internal/authenticate/mock_Middleware.go:27.24,29.4 1 0
omg/api/internal/authenticate/mock_Middleware.go:32.2,32.11 1 0
omg/api/internal/authenticate/mock_Middleware.go:40.20,44.19 3 0
omg/api/internal/authenticate/mock_Middleware.go:44.19,44.49 1 0
omg/api/internal/authenticate/mock_Middleware.go:46.2,46.13 1 0
omg/api/internal/authenticate/new.go:17.74,22.68 1 0
omg/api/internal/authenticate/new.go:22.68,24.4 1 0
omg/api/internal/authenticate/new.go:39.65,43.2 1 0
omg/api/internal/model/order.go:28.38,30.2 1 0
omg/api/internal/model/order.go:33.37,34.11 1 0
omg/api/internal/model/order.go:35.170,36.14 1 0
omg/api/internal/model/order.go:38.2,38.14 1 0
omg/api/internal/model/product.go:18.40,20.2 1 0
omg/api/internal/model/product.go:23.39,24.11 1 0
omg/api/internal/model/product.go:25.49,26.14 1 0
omg/api/internal/model/product.go:28.2,28.14 1 0
omg/api/internal/model/user.go:16.37,18.2 1 0
omg/api/internal/model/user.go:21.36,22.11 1 0
omg/api/internal/model/user.go:23.43,24.14 1 0
omg/api/internal/model/user.go:26.2,26.14 1 0
omg/api/internal/repository/mock_Registry.go:25.144,28.19 2 0
omg/api/internal/repository/mock_Registry.go:28.19,29.48 1 0
omg/api/internal/repository/mock_Registry.go:32.2,33.116 2 0
omg/api/internal/repository/mock_Registry.go:33.116,35.3 1 0
omg/api/internal/repository/mock_Registry.go:35.8,37.3 1 0
omg/api/internal/repository/mock_Registry.go:39.2,39.11 1 0
omg/api/internal/repository/mock_Registry.go:43.58,46.19 2 0
omg/api/internal/repository/mock_Registry.go:46.19,47.51 1 0
omg/api/internal/repository/mock_Registry.go:50.2,51.60 2 0
omg/api/internal/repository/mock_Registry.go:51.60,53.3 1 0
omg/api/internal/repository/mock_Registry.go:53.8,54.24 1 0
omg/api/internal/repository/mock_Registry.go:54.24,56.4 1 0
omg/api/internal/repository/mock_Registry.go:59.2,59.11 1 0
omg/api/internal/repository/mock_Registry.go:63.52,66.19 2 0
omg/api/internal/repository/mock_Registry.go:66.19,67.48 1 0
omg/api/internal/repository/mock_Registry.go:70.2,71.57 2 0
omg/api/internal/repository/mock_Registry.go:71.57,73.3 1 0
omg/api/internal/repository/mock_Registry.go:73.8,74.24 1 0
omg/api/internal/repository/mock_Registry.go:74.24,76.4 1 0
omg/api/internal/repository/mock_Registry.go:79.2,79.11 1 0
omg/api/internal/repository/mock_Registry.go:83.48,86.19 2 1
omg/api/internal/repository/mock_Registry.go:86.19,87.46 1 0
omg/api/internal/repository/mock_Registry.go:90.2,91.55 2 1
omg/api/internal/repository/mock_Registry.go:91.55,93.3 1 0
omg/api/internal/repository/mock_Registry.go:93.8,94.24 1 1
omg/api/internal/repository/mock_Registry.go:94.24,96.4 1 1
omg/api/internal/repository/mock_Registry.go:99.2,99.11 1 1
omg/api/internal/repository/mock_Registry.go:107.18,111.19 3 0
omg/api/internal/repository/mock_Registry.go:111.19,111.49 1 0
omg/api/internal/repository/mock_Registry.go:113.2,113.13 1 0
omg/api/internal/repository/registry.go:29.47,36.2 1 0
omg/api/internal/repository/registry.go:47.42,49.2 1 0
omg/api/internal/repository/registry.go:52.48,54.2 1 0
omg/api/internal/repository/registry.go:57.38,59.2 1 0
omg/api/internal/repository/registry.go:62.145,63.17 1 0
omg/api/internal/repository/registry.go:63.17,65.3 1 0
omg/api/internal/repository/registry.go:67.2,67.34 1 0
omg/api/internal/repository/registry.go:67.34,69.3 1 0
omg/api/internal/repository/registry.go:71.2,71.98 1 0
omg/api/internal/repository/registry.go:71.98,79.3 2 0
omg/api/internal/repository/orm/boil_queries.go:32.51,38.2 4 0
omg/api/internal/repository/orm/boil_types.go:34.66,38.30 3 0
omg/api/internal/repository/orm/boil_types.go:38.30,40.3 1 0
omg/api/internal/repository/orm/boil_types.go:42.2,42.26 1 0
omg/api/internal/repository/orm/boil_types.go:42.26,44.3 1 0
omg/api/internal/repository/orm/boil_types.go:45.2,45.32 1 0
omg/api/internal/repository/orm/boil_types.go:45.32,47.3 1 0
omg/api/internal/repository/orm/boil_types.go:49.2,51.12 3 0
omg/api/internal/repository/orm/mock_UpsertOptionFunc.go:13.59,15.2 1 0
omg/api/internal/repository/orm/mock_UpsertOptionFunc.go:22.26,26.19 3 0
omg/api/internal/repository/orm/mock_UpsertOptionFunc.go:26.19,26.49 1 0
omg/api/internal/repository/orm/mock_UpsertOptionFunc.go:28.2,28.13 1 0
omg/api/internal/repository/orm/order_items.go:78.52,78.102 1 0
omg/api/internal/repository/orm/order_items.go:79.52,79.103 1 0
omg/api/internal/repository/orm/order_items.go:80.52,80.102 1 0
omg/api/internal/repository/orm/order_items.go:81.52,81.103 1 0
omg/api/internal/repository/orm/order_items.go:82.52,82.102 1 0
omg/api/internal/repository/orm/order_items.go:83.52,83.103 1 0
omg/api/internal/repository/orm/order_items.go:84.57,86.30 2 0
omg/api/internal/repository/orm/order_items.go:86.30,88.3 1 0
omg/api/internal/repository/orm/order_items.go:89.2,89.63 1 0
omg/api/internal/repository/orm/order_items.go:91.58,93.30 2 0
omg/api/internal/repository/orm/order_items.go:93.30,95.3 1 0
omg/api/internal/repository/orm/order_items.go:96.2,96.70 1 0
omg/api/internal/repository/orm/order_items.go:101.55,101.105 1 0
omg/api/internal/repository/orm/order_items.go:102.56,104.2 1 0
omg/api/internal/repository/orm/order_items.go:105.55,105.105 1 0
omg/api/internal/repository/orm/order_items.go:106.56,108.2 1 0
omg/api/internal/repository/orm/order_items.go:109.55,109.105 1 0
omg/api/internal/repository/orm/order_items.go:110.56,112.2 1 0
omg/api/internal/repository/orm/order_items.go:113.61,115.30 2 0
omg/api/internal/repository/orm/order_items.go:115.30,117.3 1 0
omg/api/internal/repository/orm/order_items.go:118.2,118.63 1 0
omg/api/internal/repository/orm/order_items.go:120.62,122.30 2 0
omg/api/internal/repository/orm/order_items.go:122.30,124.3 1 0
omg/api/internal/repository/orm/order_items.go:125.2,125.70 1 0
omg/api/internal/repository/orm/order_items.go:130.59,132.2 1 0
omg/api/internal/repository/orm/order_items.go:133.60,135.2 1 0
omg/api/internal/repository/orm/order_items.go:136.59,138.2 1 0
omg/api/internal/repository/orm/order_items.go:139.60,141.2 1 0
omg/api/internal/repository/orm/order_items.go:142.59,144.2 1 0
omg/api/internal/repository/orm/order_items.go:145.60,147.2 1 0
omg/api/internal/repository/orm/order_items.go:183.44,185.2 1 0
omg/api/internal/repository/orm/order_items.go:187.40,188.14 1 0
omg/api/internal/repository/orm/order_items.go:188.14,190.3 1 0
omg/api/internal/repository/orm/order_items.go:191.2,191.16 1 0
omg/api/internal/repository/orm/order_items.go:194.44,195.14 1 0
omg/api/internal/repository/orm/order_items.go:195.14,197.3 1 0
omg/api/internal/repository/orm/order_items.go:198.2,198.18 1 0
omg/api/internal/repository/orm/order_items.go:244.97,250.16 4 0
omg/api/internal/repository/orm/order_items.go:250.16,251.36 1 0
omg/api/internal/repository/orm/order_items.go:251.36,253.4 1 0
omg/api/internal/repository/orm/order_items.go:254.3,254.85 1 0
omg/api/internal/repository/orm/order_items.go:257.2,257.15 1 0
omg/api/internal/repository/orm/order_items.go:261.101,265.16 3 0
omg/api/internal/repository/orm/order_items.go:265.16,267.3 1 0
omg/api/internal/repository/orm/order_items.go:269.2,269.15 1 0
omg/api/internal/repository/orm/order_items.go:273.94,280.16 5 0
omg/api/internal/repository/orm/order_items.go:280.16,282.3 1 0
omg/api/internal/repository/orm/order_items.go:284.2,284.19 1 0
omg/api/internal/repository/orm/order_items.go:288.94,296.16 6 0
omg/api/internal/repository/orm/order_items.go:296.16,298.3 1 0
omg/api/internal/repository/orm/order_items.go:300.2,300.23 1 0
omg/api/internal/repository/orm/order_items.go:304.59,312.2 3 0
omg/api/internal/repository/orm/order_items.go:315.63,323.2 3 0
omg/api/internal/repository/orm/order_items.go:327.148,331.14 3 0
omg/api/internal/repository/orm/order_items.go:331.14,334.10 3 0
omg/api/internal/repository/orm/order_items.go:334.10,337.11 3 0
omg/api/internal/repository/orm/order_items.go:337.11,339.5 1 0
omg/api/internal/repository/orm/order_items.go:341.8,343.9 2 0
omg/api/internal/repository/orm/order_items.go:343.9,345.4 1 0
omg/api/internal/repository/orm/order_items.go:345.9,347.11 2 0
omg/api/internal/repository/orm/order_items.go:347.11,349.5 1 0
omg/api/internal/repository/orm/order_items.go:353.2,354.14 2 0
omg/api/internal/repository/orm/order_items.go:354.14,355.22 1 0
omg/api/internal/repository/orm/order_items.go:355.22,357.4 1 0
omg/api/internal/repository/orm/order_items.go:358.3,358.36 1 0
omg/api/internal/repository/orm/order_items.go:360.8,361.29 1 0
omg/api/internal/repository/orm/order_items.go:361.29,362.20 1 0
omg/api/internal/repository/orm/order_items.go:362.20,364.5 1 0
omg/api/internal/repository/orm/order_items.go:366.4,366.34 1 0
omg/api/internal/repository/orm/order_items.go:371.2,371.20 1 0
omg/api/internal/repository/orm/order_items.go:371.20,373.3 1 0
omg/api/internal/repository/orm/order_items.go:375.2,377.24 3 0
omg/api/internal/repository/orm/order_items.go:377.24,380.3 2 0
omg/api/internal/repository/orm/order_items.go:382.2,386.17 2 0
omg/api/internal/repository/orm/order_items.go:386.17,388.3 1 0
omg/api/internal/repository/orm/order_items.go:390.2,391.16 2 0
omg/api/internal/repository/orm/order_items.go:391.16,393.3 1 0
omg/api/internal/repository/orm/order_items.go:395.2,396.59 2 0
omg/api/internal/repository/orm/order_items.go:396.59,398.3 1 0
omg/api/internal/repository/orm/order_items.go:400.2,400.39 1 0
omg/api/internal/repository/orm/order_items.go:400.39,402.3 1 0
omg/api/internal/repository/orm/order_items.go:403.2,403.37 1 0
omg/api/internal/repository/orm/order_items.go:403.37,405.3 1 0
omg/api/internal/repository/orm/order_items.go:407.2,407.27 1 0
omg/api/internal/repository/orm/order_items.go:407.27,409.3 1 0
omg/api/internal/repository/orm/order_items.go:411.2,411.14 1 0
omg/api/internal/repository/orm/order_items.go:411.14,414.23 3 0
omg/api/internal/repository/orm/order_items.go:414.23,416.4 1 0
omg/api/internal/repository/orm/order_items.go:417.3,418.13 2 0
omg/api/internal/repository/orm/order_items.go:421.2,421.30 1 0
omg/api/internal/repository/orm/order_items.go:421.30,422.39 1 0
omg/api/internal/repository/orm/order_items.go:422.39,423.35 1 0
omg/api/internal/repository/orm/order_items.go:423.35,425.25 2 0
omg/api/internal/repository/orm/order_items.go:425.25,427.6 1 0
omg/api/internal/repository/orm/order_items.go:428.5,429.10 2 0
omg/api/internal/repository/orm/order_items.go:434.2,434.12 1 0
omg/api/internal/repository/orm/order_items.go:439.150,443.14 3 0
omg/api/internal/repository/orm/order_items.go:443.14,446.10 3 0
omg/api/internal/repository/orm/order_items.go:446.10,449.11 3 0
omg/api/internal/repository/orm/order_items.go:449.11,451.5 1 0
omg/api/internal/repository/orm/order_items.go:453.8,455.9 2 0
omg/api/internal/repository/orm/order_items.go:455.9,457.4 1 0
omg/api/internal/repository/orm/order_items.go:457.9,459.11 2 0
omg/api/internal/repository/orm/order_items.go:459.11,461.5 1 0
omg/api/internal/repository/orm/order_items.go:465.2,466.14 2 0
omg/api/internal/repository/orm/order_items.go:466.14,467.22 1 0
omg/api/internal/repository/orm/order_items.go:467.22,469.4 1 0
omg/api/internal/repository/orm/order_items.go:470.3,470.38 1 0
omg/api/internal/repository/orm/order_items.go:472.8,473.29 1 0
omg/api/internal/repository/orm/order_items.go:473.29,474.20 1 0
omg/api/internal/repository/orm/order_items.go:474.20,476.5 1 0
omg/api/internal/repository/orm/order_items.go:478.4,478.36 1 0
omg/api/internal/repository/orm/order_items.go:483.2,483.20 1 0
omg/api/internal/repository/orm/order_items.go:483.20,485.3 1 0
omg/api/internal/repository/orm/order_items.go:487.2,489.24 3 0
omg/api/internal/repository/orm/order_items.go:489.24,492.3 2 0
omg/api/internal/repository/orm/order_items.go:494.2,498.17 2 0
omg/api/internal/repository/orm/order_items.go:498.17,500.3 1 0
omg/api/internal/repository/orm/order_items.go:502.2,503.16 2 0
omg/api/internal/repository/orm/order_items.go:503.16,505.3 1 0
omg/api/internal/repository/orm/order_items.go:507.2,508.59 2 0
omg/api/internal/repository/orm/order_items.go:508.59,510.3 1 0
omg/api/internal/repository/orm/order_items.go:512.2,512.39 1 0
omg/api/internal/repository/orm/order_items.go:512.39,514.3 1 0
omg/api/internal/repository/orm/order_items.go:515.2,515.37 1 0
omg/api/internal/repository/orm/order_items.go:515.37,517.3 1 0
omg/api/internal/repository/orm/order_items.go:519.2,519.27 1 0
omg/api/internal/repository/orm/order_items.go:519.27,521.3 1 0
omg/api/internal/repository/orm/order_items.go:523.2,523.14 1 0
omg/api/internal/repository/orm/order_items.go:523.14,526.23 3 0
omg/api/internal/repository/orm/order_items.go:526.23,528.4 1 0
omg/api/internal/repository/orm/order_items.go:529.3,530.13 2 0
omg/api/internal/repository/orm/order_items.go:533.2,533.30 1 0
omg/api/internal/repository/orm/order_items.go:533.30,534.39 1 0
omg/api/internal/repository/orm/order_items.go:534.39,535.37 1 0
omg/api/internal/repository/orm/order_items.go:535.37,537.25 2 0
omg/api/internal/repository/orm/order_items.go:537.25,539.6 1 0
omg/api/internal/repository/orm/order_items.go:540.5,541.10 2 0
omg/api/internal/repository/orm/order_items.go:546.2,546.12 1 0
omg/api/internal/repository/orm/order_items.go:552.113,554.12 2 0
omg/api/internal/repository/orm/order_items.go:554.12,555.64 1 0
omg/api/internal/repository/orm/order_items.go:555.64,557.4 1 0
omg/api/internal/repository/orm/order_items.go:560.2,567.23 3 0
omg/api/internal/repository/orm/order_items.go:567.23,571.3 3 0
omg/api/internal/repository/orm/order_items.go:572.2,572.72 1 0
omg/api/internal/repository/orm/order_items.go:572.72,574.3 1 0
omg/api/internal/repository/orm/order_items.go:576.2,577.16 2 0
omg/api/internal/repository/orm/order_items.go:577.16,581.3 1 0
omg/api/internal/repository/orm/order_items.go:581.8,583.3 1 0
omg/api/internal/repository/orm/order_items.go:585.2,585.22 1 0
omg/api/internal/repository/orm/order_items.go:585.22,589.3 1 0
omg/api/internal/repository/orm/order_items.go:589.8,591.3 1 0
omg/api/internal/repository/orm/order_items.go:593.2,593.12 1 0
omg/api/internal/repository/orm/order_items.go:599.117,601.12 2 0
omg/api/internal/repository/orm/order_items.go:601.12,602.64 1 0
omg/api/internal/repository/orm/order_items.go:602.64,604.4 1 0
omg/api/internal/repository/orm/order_items.go:607.2,614.23 3 0
omg/api/internal/repository/orm/order_items.go:614.23,618.3 3 0
omg/api/internal/repository/orm/order_items.go:619.2,619.72 1 0
omg/api/internal/repository/orm/order_items.go:619.72,621.3 1 0
omg/api/internal/repository/orm/order_items.go:623.2,624.16 2 0
omg/api/internal/repository/orm/order_items.go:624.16,628.3 1 0
omg/api/internal/repository/orm/order_items.go:628.8,630.3 1 0
omg/api/internal/repository/orm/order_items.go:632.2,632.22 1 0
omg/api/internal/repository/orm/order_items.go:632.22,636.3 1 0
omg/api/internal/repository/orm/order_items.go:636.8,638.3 1 0
omg/api/internal/repository/orm/order_items.go:640.2,640.12 1 0
omg/api/internal/repository/orm/order_items.go:644.53,647.36 3 0
omg/api/internal/repository/orm/order_items.go:647.36,649.3 1 0
omg/api/internal/repository/orm/order_items.go:651.2,651.26 1 0
omg/api/internal/repository/orm/order_items.go:656.120,660.25 3 0
omg/api/internal/repository/orm/order_items.go:660.25,662.3 1 0
omg/api/internal/repository/orm/order_items.go:663.2,670.16 4 0
omg/api/internal/repository/orm/order_items.go:670.16,671.36 1 0
omg/api/internal/repository/orm/order_items.go:671.36,673.4 1 0
omg/api/internal/repository/orm/order_items.go:674.3,674.73 1 0
omg/api/internal/repository/orm/order_items.go:677.2,677.26 1 0
omg/api/internal/repository/orm/order_items.go:682.104,683.14 1 0
omg/api/internal/repository/orm/order_items.go:683.14,685.3 1 0
omg/api/internal/repository/orm/order_items.go:687.2,688.37 2 0
omg/api/internal/repository/orm/order_items.go:688.37,691.27 2 0
omg/api/internal/repository/orm/order_items.go:691.27,693.4 1 0
omg/api/internal/repository/orm/order_items.go:694.3,694.27 1 0
omg/api/internal/repository/orm/order_items.go:694.27,696.4 1 0
omg/api/internal/repository/orm/order_items.go:699.2,706.13 6 0
omg/api/internal/repository/orm/order_items.go:706.13,715.17 3 0
omg/api/internal/repository/orm/order_items.go:715.17,717.4 1 0
omg/api/internal/repository/orm/order_items.go:718.3,719.17 2 0
omg/api/internal/repository/orm/order_items.go:719.17,721.4 1 0
omg/api/internal/repository/orm/order_items.go:722.3,722.19 1 0
omg/api/internal/repository/orm/order_items.go:722.19,724.4 1 0
omg/api/internal/repository/orm/order_items.go:724.9,726.4 1 0
omg/api/internal/repository/orm/order_items.go:728.3,730.33 2 0
omg/api/internal/repository/orm/order_items.go:730.33,732.4 1 0
omg/api/internal/repository/orm/order_items.go:734.3,734.70 1 0
omg/api/internal/repository/orm/order_items.go:737.2,740.23 3 0
omg/api/internal/repository/orm/order_items.go:740.23,744.3 3 0
omg/api/internal/repository/orm/order_items.go:746.2,746.32 1 0
omg/api/internal/repository/orm/order_items.go:746.32,748.3 1 0
omg/api/internal/repository/orm/order_items.go:748.8,750.3 1 0
omg/api/internal/repository/orm/order_items.go:752.2,752.16 1 0
omg/api/internal/repository/orm/order_items.go:752.16,754.3 1 0
omg/api/internal/repository/orm/order_items.go:756.2,756.13 1 0
omg/api/internal/repository/orm/order_items.go:756.13,760.3 3 0
omg/api/internal/repository/orm/order_items.go:762.2,762.12 1 0
omg/api/internal/repository/orm/order_items.go:768.113,769.37 1 0
omg/api/internal/repository/orm/order_items.go:769.37,773.3 2 0
omg/api/internal/repository/orm/order_items.go:775.2,781.13 6 0
omg/api/internal/repository/orm/order_items.go:781.13,787.29 2 0
omg/api/internal/repository/orm/order_items.go:787.29,789.4 1 0
omg/api/internal/repository/orm/order_items.go:790.3,790.19 1 0
omg/api/internal/repository/orm/order_items.go:790.19,792.4 1 0
omg/api/internal/repository/orm/order_items.go:794.3,799.17 3 0
omg/api/internal/repository/orm/order_items.go:799.17,801.4 1 0
omg/api/internal/repository/orm/order_items.go:804.2,806.23 2 0
omg/api/internal/repository/orm/order_items.go:806.23,810.3 3 0
omg/api/internal/repository/orm/order_items.go:811.2,813.16 3 0
omg/api/internal/repository/orm/order_items.go:813.16,815.3 1 0
omg/api/internal/repository/orm/order_items.go:817.2,818.16 2 0
omg/api/internal/repository/orm/order_items.go:818.16,820.3 1 0
omg/api/internal/repository/orm/order_items.go:822.2,822.13 1 0
omg/api/internal/repository/orm/order_items.go:822.13,826.3 3 0
omg/api/internal/repository/orm/order_items.go:828.2,828.21 1 0
omg/api/internal/repository/orm/order_items.go:832.106,836.16 3 0
omg/api/internal/repository/orm/order_items.go:836.16,838.3 1 0
omg/api/internal/repository/orm/order_items.go:840.2,841.16 2 0
omg/api/internal/repository/orm/order_items.go:841.16,843.3 1 0
omg/api/internal/repository/orm/order_items.go:845.2,845.21 1 0
omg/api/internal/repository/orm/order_items.go:849.106,851.13 2 0
omg/api/internal/repository/orm/order_items.go:851.13,853.3 1 0
omg/api/internal/repository/orm/order_items.go:855.2,855.20 1 0
omg/api/internal/repository/orm/order_items.go:855.20,857.3 1 0
omg/api/internal/repository/orm/order_items.go:859.2,863.32 4 0
omg/api/internal/repository/orm/order_items.go:863.32,867.3 3 0
omg/api/internal/repository/orm/order_items.go:870.2,870.24 1 0
omg/api/internal/repository/orm/order_items.go:870.24,873.3 2 0
omg/api/internal/repository/orm/order_items.go:875.2,879.23 2 0
omg/api/internal/repository/orm/order_items.go:879.23,883.3 3 0
omg/api/internal/repository/orm/order_items.go:884.2,885.16 2 0
omg/api/internal/repository/orm/order_items.go:885.16,887.3 1 0
omg/api/internal/repository/orm/order_items.go:889.2,890.16 2 0
omg/api/internal/repository/orm/order_items.go:890.16,892.3 1 0
omg/api/internal/repository/orm/order_items.go:893.2,893.21 1 0
omg/api/internal/repository/orm/order_items.go:898.200,899.14 1 0
omg/api/internal/repository/orm/order_items.go:899.14,901.3 1 0
omg/api/internal/repository/orm/order_items.go:902.2,902.37 1 0
omg/api/internal/repository/orm/order_items.go:902.37,905.27 2 0
omg/api/internal/repository/orm/order_items.go:905.27,907.4 1 0
omg/api/internal/repository/orm/order_items.go:908.3,908.25 1 0
omg/api/internal/repository/orm/order_items.go:911.2,915.22 3 0
omg/api/internal/repository/orm/order_items.go:915.22,917.3 1 0
omg/api/internal/repository/orm/order_items.go:917.8,919.3 1 0
omg/api/internal/repository/orm/order_items.go:920.2,921.36 2 0
omg/api/internal/repository/orm/order_items.go:921.36,923.3 1 0
omg/api/internal/repository/orm/order_items.go:924.2,926.39 3 0
omg/api/internal/repository/orm/order_items.go:926.39,928.3 1 0
omg/api/internal/repository/orm/order_items.go:929.2,931.39 3 0
omg/api/internal/repository/orm/order_items.go:931.39,933.3 1 0
omg/api/internal/repository/orm/order_items.go:934.2,935.31 2 0
omg/api/internal/repository/orm/order_items.go:935.31,937.3 1 0
omg/api/internal/repository/orm/order_items.go:938.2,947.13 7 0
omg/api/internal/repository/orm/order_items.go:947.13,960.43 3 0
omg/api/internal/repository/orm/order_items.go:960.43,962.4 1 0
omg/api/internal/repository/orm/order_items.go:964.3,967.65 3 0
omg/api/internal/repository/orm/order_items.go:967.65,968.44 1 0
omg/api/internal/repository/orm/order_items.go:968.44,970.5 1 0
omg/api/internal/repository/orm/order_items.go:972.4,973.46 2 0
omg/api/internal/repository/orm/order_items.go:975.3,978.17 3 0
omg/api/internal/repository/orm/order_items.go:978.17,980.4 1 0
omg/api/internal/repository/orm/order_items.go:981.3,981.20 1 0
omg/api/internal/repository/orm/order_items.go:981.20,983.18 2 0
omg/api/internal/repository/orm/order_items.go:983.18,985.5 1 0
omg/api/internal/repository/orm/order_items.go:989.2,992.32 4 0
omg/api/internal/repository/orm/order_items.go:992.32,994.3 1 0
omg/api/internal/repository/orm/order_items.go:996.2,996.23 1 0
omg/api/internal/repository/orm/order_items.go:996.23,1000.3 3 0
omg/api/internal/repository/orm/order_items.go:1001.2,1001.32 1 0
omg/api/internal/repository/orm/order_items.go:1001.32,1003.36 2 0
omg/api/internal/repository/orm/order_items.go:1003.36,1005.4 1 0
omg/api/internal/repository/orm/order_items.go:1006.8,1008.3 1 0
omg/api/internal/repository/orm/order_items.go:1009.2,1009.16 1 0
omg/api/internal/repository/orm/order_items.go:1009.16,1011.3 1 0
omg/api/internal/repository/orm/order_items.go:1013.2,1013.13 1 0
omg/api/internal/repository/orm/order_items.go:1013.13,1017.3 3 0
omg/api/internal/repository/orm/order_items.go:1019.2,1019.12 1 0
omg/api/internal/repository/orm/order_items.go:1024.91,1025.14 1 0
omg/api/internal/repository/orm/order_items.go:1025.14,1027.3 1 0
omg/api/internal/repository/orm/order_items.go:1029.2,1032.23 3 0
omg/api/internal/repository/orm/order_items.go:1032.23,1036.3 3 0
omg/api/internal/repository/orm/order_items.go:1037.2,1038.16 2 0
omg/api/internal/repository/orm/order_items.go:1038.16,1040.3 1 0
omg/api/internal/repository/orm/order_items.go:1042.2,1043.16 2 0
omg/api/internal/repository/orm/order_items.go:1043.16,1045.3 1 0
omg/api/internal/repository/orm/order_items.go:1047.2,1047.21 1 0
omg/api/internal/repository/orm/order_items.go:1051.98,1052.20 1 0
omg/api/internal/repository/orm/order_items.go:1052.20,1054.3 1 0
omg/api/internal/repository/orm/order_items.go:1056.2,1059.16 3 0
omg/api/internal/repository/orm/order_items.go:1059.16,1061.3 1 0
omg/api/internal/repository/orm/order_items.go:1063.2,1064.16 2 0
omg/api/internal/repository/orm/order_items.go:1064.16,1066.3 1 0
omg/api/internal/repository/orm/order_items.go:1068.2,1068.21 1 0
omg/api/internal/repository/orm/order_items.go:1072.98,1073.17 1 0
omg/api/internal/repository/orm/order_items.go:1073.17,1075.3 1 0
omg/api/internal/repository/orm/order_items.go:1077.2,1078.24 2 0
omg/api/internal/repository/orm/order_items.go:1078.24,1081.3 2 0
omg/api/internal/repository/orm/order_items.go:1083.2,1086.23 2 0
omg/api/internal/repository/orm/order_items.go:1086.23,1090.3 3 0
omg/api/internal/repository/orm/order_items.go:1091.2,1092.16 2 0
omg/api/internal/repository/orm/order_items.go:1092.16,1094.3 1 0
omg/api/internal/repository/orm/order_items.go:1096.2,1097.16 2 0
omg/api/internal/repository/orm/order_items.go:1097.16,1099.3 1 0
omg/api/internal/repository/orm/order_items.go:1101.2,1101.21 1 0
omg/api/internal/repository/orm/order_items.go:1106.82,1108.16 2 0
omg/api/internal/repository/orm/order_items.go:1108.16,1110.3 1 0
omg/api/internal/repository/orm/order_items.go:1112.2,1113.12 2 0
omg/api/internal/repository/orm/order_items.go:1118.90,1119.30 1 0
omg/api/internal/repository/orm/order_items.go:1119.30,1121.3 1 0
omg/api/internal/repository/orm/order_items.go:1123.2,1125.25 3 0
omg/api/internal/repository/orm/order_items.go:1125.25,1128.3 2 0
omg/api/internal/repository/orm/order_items.go:1130.2,1136.16 4 0
omg/api/internal/repository/orm/order_items.go:1136.16,1138.3 1 0
omg/api/internal/repository/orm/order_items.go:1140.2,1142.12 2 0
omg/api/internal/repository/orm/order_items.go:1146.94,1150.23 3 0
omg/api/internal/repository/orm/order_items.go:1150.23,1154.3 3 0
omg/api/internal/repository/orm/order_items.go:1155.2,1158.16 3 0
omg/api/internal/repository/orm/order_items.go:1158.16,1160.3 1 0
omg/api/internal/repository/orm/order_items.go:1162.2,1162.20 1 0
omg/api/internal/repository/orm/order_items.go:1166.90,1168.2 1 0
omg/api/internal/repository/orm/orders.go:73.57,73.107 1 0
omg/api/internal/repository/orm/orders.go:74.57,74.108 1 0
omg/api/internal/repository/orm/orders.go:75.57,75.107 1 0
omg/api/internal/repository/orm/orders.go:76.57,76.108 1 0
omg/api/internal/repository/orm/orders.go:77.57,77.107 1 0
omg/api/internal/repository/orm/orders.go:78.57,78.108 1 0
omg/api/internal/repository/orm/orders.go:79.57,79.98 1 0
omg/api/internal/repository/orm/orders.go:80.57,80.102 1 0
omg/api/internal/repository/orm/orders.go:81.57,81.99 1 0
omg/api/internal/repository/orm/orders.go:82.57,82.103 1 0
omg/api/internal/repository/orm/orders.go:83.59,85.30 2 0
omg/api/internal/repository/orm/orders.go:85.30,87.3 1 0
omg/api/internal/repository/orm/orders.go:88.2,88.63 1 0
omg/api/internal/repository/orm/orders.go:90.60,92.30 2 0
omg/api/internal/repository/orm/orders.go:92.30,94.3 1 0
omg/api/internal/repository/orm/orders.go:95.2,95.70 1 0
omg/api/internal/repository/orm/orders.go:130.36,132.2 1 0
omg/api/internal/repository/orm/orders.go:134.34,135.14 1 0
omg/api/internal/repository/orm/orders.go:135.14,137.3 1 0
omg/api/internal/repository/orm/orders.go:138.2,138.15 1 0
omg/api/internal/repository/orm/orders.go:141.49,142.14 1 0
omg/api/internal/repository/orm/orders.go:142.14,144.3 1 0
omg/api/internal/repository/orm/orders.go:145.2,145.21 1 0
omg/api/internal/repository/orm/orders.go:191.89,197.16 4 0
omg/api/internal/repository/orm/orders.go:197.16,198.36 1 0
omg/api/internal/repository/orm/orders.go:198.36,200.4 1 0
omg/api/internal/repository/orm/orders.go:201.3,201.80 1 0
omg/api/internal/repository/orm/orders.go:204.2,204.15 1 0
omg/api/internal/repository/orm/orders.go:208.93,212.16 3 0
omg/api/internal/repository/orm/orders.go:212.16,214.3 1 0
omg/api/internal/repository/orm/orders.go:216.2,216.15 1 0
omg/api/internal/repository/orm/orders.go:220.90,227.16 5 0
omg/api/internal/repository/orm/orders.go:227.16,229.3 1 0
omg/api/internal/repository/orm/orders.go:231.2,231.19 1 0
omg/api/internal/repository/orm/orders.go:235.90,243.16 6 0
omg/api/internal/repository/orm/orders.go:243.16,245.3 1 0
omg/api/internal/repository/orm/orders.go:247.2,247.23 1 0
omg/api/internal/repository/orm/orders.go:251.53,259.2 3 0
omg/api/internal/repository/orm/orders.go:262.64,264.20 2 0
omg/api/internal/repository/orm/orders.go:264.20,266.3 1 0
omg/api/internal/repository/orm/orders.go:268.2,272.33 2 0
omg/api/internal/repository/orm/orders.go:277.139,281.14 3 0
omg/api/internal/repository/orm/orders.go:281.14,284.10 3 0
omg/api/internal/repository/orm/orders.go:284.10,287.11 3 0
omg/api/internal/repository/orm/orders.go:287.11,289.5 1 0
omg/api/internal/repository/orm/orders.go:291.8,293.9 2 0
omg/api/internal/repository/orm/orders.go:293.9,295.4 1 0
omg/api/internal/repository/orm/orders.go:295.9,297.11 2 0
omg/api/internal/repository/orm/orders.go:297.11,299.5 1 0
omg/api/internal/repository/orm/orders.go:303.2,304.14 2 0
omg/api/internal/repository/orm/orders.go:304.14,305.22 1 0
omg/api/internal/repository/orm/orders.go:305.22,307.4 1 0
omg/api/internal/repository/orm/orders.go:308.3,308.35 1 0
omg/api/internal/repository/orm/orders.go:310.8,311.29 1 0
omg/api/internal/repository/orm/orders.go:311.29,312.20 1 0
omg/api/internal/repository/orm/orders.go:312.20,314.5 1 0
omg/api/internal/repository/orm/orders.go:316.4,316.33 1 0
omg/api/internal/repository/orm/orders.go:321.2,321.20 1 0
omg/api/internal/repository/orm/orders.go:321.20,323.3 1 0
omg/api/internal/repository/orm/orders.go:325.2,327.24 3 0
omg/api/internal/repository/orm/orders.go:327.24,330.3 2 0
omg/api/internal/repository/orm/orders.go:332.2,336.17 2 0
omg/api/internal/repository/orm/orders.go:336.17,338.3 1 0
omg/api/internal/repository/orm/orders.go:340.2,341.16 2 0
omg/api/internal/repository/orm/orders.go:341.16,343.3 1 0
omg/api/internal/repository/orm/orders.go:345.2,346.59 2 0
omg/api/internal/repository/orm/orders.go:346.59,348.3 1 0
omg/api/internal/repository/orm/orders.go:350.2,350.39 1 0
omg/api/internal/repository/orm/orders.go:350.39,352.3 1 0
omg/api/internal/repository/orm/orders.go:353.2,353.37 1 0
omg/api/internal/repository/orm/orders.go:353.37,355.3 1 0
omg/api/internal/repository/orm/orders.go:357.2,357.27 1 0
omg/api/internal/repository/orm/orders.go:357.27,359.3 1 0
omg/api/internal/repository/orm/orders.go:361.2,361.14 1 0
omg/api/internal/repository/orm/orders.go:361.14,364.23 3 0
omg/api/internal/repository/orm/orders.go:364.23,366.4 1 0
omg/api/internal/repository/orm/orders.go:367.3,368.13 2 0
omg/api/internal/repository/orm/orders.go:371.2,371.30 1 0
omg/api/internal/repository/orm/orders.go:371.30,372.39 1 0
omg/api/internal/repository/orm/orders.go:372.39,373.34 1 0
omg/api/internal/repository/orm/orders.go:373.34,375.25 2 0
omg/api/internal/repository/orm/orders.go:375.25,377.6 1 0
omg/api/internal/repository/orm/orders.go:378.5,379.10 2 0
omg/api/internal/repository/orm/orders.go:384.2,384.12 1 0
omg/api/internal/repository/orm/orders.go:389.145,393.14 3 0
omg/api/internal/repository/orm/orders.go:393.14,396.10 3 0
omg/api/internal/repository/orm/orders.go:396.10,399.11 3 0
omg/api/internal/repository/orm/orders.go:399.11,401.5 1 0
omg/api/internal/repository/orm/orders.go:403.8,405.9 2 0
omg/api/internal/repository/orm/orders.go:405.9,407.4 1 0
omg/api/internal/repository/orm/orders.go:407.9,409.11 2 0
omg/api/internal/repository/orm/orders.go:409.11,411.5 1 0
omg/api/internal/repository/orm/orders.go:415.2,416.14 2 0
omg/api/internal/repository/orm/orders.go:416.14,417.22 1 0
omg/api/internal/repository/orm/orders.go:417.22,419.4 1 0
omg/api/internal/repository/orm/orders.go:420.3,420.31 1 0
omg/api/internal/repository/orm/orders.go:421.8,422.29 1 0
omg/api/internal/repository/orm/orders.go:422.29,423.20 1 0
omg/api/internal/repository/orm/orders.go:423.20,425.5 1 0
omg/api/internal/repository/orm/orders.go:426.4,426.29 1 0
omg/api/internal/repository/orm/orders.go:430.2,430.20 1 0
omg/api/internal/repository/orm/orders.go:430.20,432.3 1 0
omg/api/internal/repository/orm/orders.go:434.2,436.24 3 0
omg/api/internal/repository/orm/orders.go:436.24,439.3 2 0
omg/api/internal/repository/orm/orders.go:441.2,445.17 2 0
omg/api/internal/repository/orm/orders.go:445.17,447.3 1 0
omg/api/internal/repository/orm/orders.go:449.2,450.16 2 0
omg/api/internal/repository/orm/orders.go:450.16,452.3 1 0
omg/api/internal/repository/orm/orders.go:454.2,455.59 2 0
omg/api/internal/repository/orm/orders.go:455.59,457.3 1 0
omg/api/internal/repository/orm/orders.go:459.2,459.39 1 0
omg/api/internal/repository/orm/orders.go:459.39,461.3 1 0
omg/api/internal/repository/orm/orders.go:462.2,462.37 1 0
omg/api/internal/repository/orm/orders.go:462.37,464.3 1 0
omg/api/internal/repository/orm/orders.go:466.2,466.14 1 0
omg/api/internal/repository/orm/orders.go:466.14,468.39 2 0
omg/api/internal/repository/orm/orders.go:468.39,469.24 1 0
omg/api/internal/repository/orm/orders.go:469.24,471.5 1 0
omg/api/internal/repository/orm/orders.go:472.4,472.28 1 0
omg/api/internal/repository/orm/orders.go:474.3,474.13 1 0
omg/api/internal/repository/orm/orders.go:477.2,477.38 1 0
omg/api/internal/repository/orm/orders.go:477.38,478.31 1 0
omg/api/internal/repository/orm/orders.go:478.31,479.35 1 0
omg/api/internal/repository/orm/orders.go:479.35,481.25 2 0
omg/api/internal/repository/orm/orders.go:481.25,483.6 1 0
omg/api/internal/repository/orm/orders.go:484.5,485.10 2 0
omg/api/internal/repository/orm/orders.go:490.2,490.12 1 0
omg/api/internal/repository/orm/orders.go:496.107,498.12 2 0
omg/api/internal/repository/orm/orders.go:498.12,499.64 1 0
omg/api/internal/repository/orm/orders.go:499.64,501.4 1 0
omg/api/internal/repository/orm/orders.go:504.2,511.23 3 0
omg/api/internal/repository/orm/orders.go:511.23,515.3 3 0
omg/api/internal/repository/orm/orders.go:516.2,516.72 1 0
omg/api/internal/repository/orm/orders.go:516.72,518.3 1 0
omg/api/internal/repository/orm/orders.go:520.2,521.16 2 0
omg/api/internal/repository/orm/orders.go:521.16,525.3 1 0
omg/api/internal/repository/orm/orders.go:525.8,527.3 1 0
omg/api/internal/repository/orm/orders.go:529.2,529.22 1 0
omg/api/internal/repository/orm/orders.go:529.22,533.3 1 0
omg/api/internal/repository/orm/orders.go:533.8,535.3 1 0
omg/api/internal/repository/orm/orders.go:537.2,537.12 1 0
omg/api/internal/repository/orm/orders.go:544.121,546.30 2 0
omg/api/internal/repository/orm/orders.go:546.30,547.13 1 0
omg/api/internal/repository/orm/orders.go:547.13,549.61 2 0
omg/api/internal/repository/orm/orders.go:549.61,551.5 1 0
omg/api/internal/repository/orm/orders.go:552.9,560.25 3 0
omg/api/internal/repository/orm/orders.go:560.25,564.5 3 0
omg/api/internal/repository/orm/orders.go:565.4,565.74 1 0
omg/api/internal/repository/orm/orders.go:565.74,567.5 1 0
omg/api/internal/repository/orm/orders.go:569.4,569.22 1 0
omg/api/internal/repository/orm/orders.go:573.2,573.16 1 0
omg/api/internal/repository/orm/orders.go:573.16,577.3 1 0
omg/api/internal/repository/orm/orders.go:577.8,579.3 1 0
omg/api/internal/repository/orm/orders.go:581.2,581.30 1 0
omg/api/internal/repository/orm/orders.go:581.30,582.19 1 0
omg/api/internal/repository/orm/orders.go:582.19,586.4 1 0
omg/api/internal/repository/orm/orders.go:586.9,588.4 1 0
omg/api/internal/repository/orm/orders.go:590.2,590.12 1 0
omg/api/internal/repository/orm/orders.go:594.45,597.36 3 0
omg/api/internal/repository/orm/orders.go:597.36,599.3 1 0
omg/api/internal/repository/orm/orders.go:601.2,601.22 1 0
omg/api/internal/repository/orm/orders.go:606.112,610.25 3 0
omg/api/internal/repository/orm/orders.go:610.25,612.3 1 0
omg/api/internal/repository/orm/orders.go:613.2,620.16 4 0
omg/api/internal/repository/orm/orders.go:620.16,621.36 1 0
omg/api/internal/repository/orm/orders.go:621.36,623.4 1 0
omg/api/internal/repository/orm/orders.go:624.3,624.68 1 0
omg/api/internal/repository/orm/orders.go:627.2,627.22 1 0
omg/api/internal/repository/orm/orders.go:632.100,633.14 1 0
omg/api/internal/repository/orm/orders.go:633.14,635.3 1 0
omg/api/internal/repository/orm/orders.go:637.2,638.37 2 0
omg/api/internal/repository/orm/orders.go:638.37,641.27 2 0
omg/api/internal/repository/orm/orders.go:641.27,643.4 1 0
omg/api/internal/repository/orm/orders.go:644.3,644.27 1 0
omg/api/internal/repository/orm/orders.go:644.27,646.4 1 0
omg/api/internal/repository/orm/orders.go:649.2,656.13 6 0
omg/api/internal/repository/orm/orders.go:656.13,665.17 3 0
omg/api/internal/repository/orm/orders.go:665.17,667.4 1 0
omg/api/internal/repository/orm/orders.go:668.3,669.17 2 0
omg/api/internal/repository/orm/orders.go:669.17,671.4 1 0
omg/api/internal/repository/orm/orders.go:672.3,672.19 1 0
omg/api/internal/repository/orm/orders.go:672.19,674.4 1 0
omg/api/internal/repository/orm/orders.go:674.9,676.4 1 0
omg/api/internal/repository/orm/orders.go:678.3,680.33 2 0
omg/api/internal/repository/orm/orders.go:680.33,682.4 1 0
omg/api/internal/repository/orm/orders.go:684.3,684.70 1 0
omg/api/internal/repository/orm/orders.go:687.2,690.23 3 0
omg/api/internal/repository/orm/orders.go:690.23,694.3 3 0
omg/api/internal/repository/orm/orders.go:696.2,696.32 1 0
omg/api/internal/repository/orm/orders.go:696.32,698.3 1 0
omg/api/internal/repository/orm/orders.go:698.8,700.3 1 0
omg/api/internal/repository/orm/orders.go:702.2,702.16 1 0
omg/api/internal/repository/orm/orders.go:702.16,704.3 1 0
omg/api/internal/repository/orm/orders.go:706.2,706.13 1 0
omg/api/internal/repository/orm/orders.go:706.13,710.3 3 0
omg/api/internal/repository/orm/orders.go:712.2,712.12 1 0
omg/api/internal/repository/orm/orders.go:718.109,719.37 1 0
omg/api/internal/repository/orm/orders.go:719.37,723.3 2 0
omg/api/internal/repository/orm/orders.go:725.2,731.13 6 0
omg/api/internal/repository/orm/orders.go:731.13,737.29 2 0
omg/api/internal/repository/orm/orders.go:737.29,739.4 1 0
omg/api/internal/repository/orm/orders.go:740.3,740.19 1 0
omg/api/internal/repository/orm/orders.go:740.19,742.4 1 0
omg/api/internal/repository/orm/orders.go:744.3,749.17 3 0
omg/api/internal/repository/orm/orders.go:749.17,751.4 1 0
omg/api/internal/repository/orm/orders.go:754.2,756.23 2 0
omg/api/internal/repository/orm/orders.go:756.23,760.3 3 0
omg/api/internal/repository/orm/orders.go:761.2,763.16 3 0
omg/api/internal/repository/orm/orders.go:763.16,765.3 1 0
omg/api/internal/repository/orm/orders.go:767.2,768.16 2 0
omg/api/internal/repository/orm/orders.go:768.16,770.3 1 0
omg/api/internal/repository/orm/orders.go:772.2,772.13 1 0
omg/api/internal/repository/orm/orders.go:772.13,776.3 3 0
omg/api/internal/repository/orm/orders.go:778.2,778.21 1 0
omg/api/internal/repository/orm/orders.go:782.102,786.16 3 0
omg/api/internal/repository/orm/orders.go:786.16,788.3 1 0
omg/api/internal/repository/orm/orders.go:790.2,791.16 2 0
omg/api/internal/repository/orm/orders.go:791.16,793.3 1 0
omg/api/internal/repository/orm/orders.go:795.2,795.21 1 0
omg/api/internal/repository/orm/orders.go:799.102,801.13 2 0
omg/api/internal/repository/orm/orders.go:801.13,803.3 1 0
omg/api/internal/repository/orm/orders.go:805.2,805.20 1 0
omg/api/internal/repository/orm/orders.go:805.20,807.3 1 0
omg/api/internal/repository/orm/orders.go:809.2,813.32 4 0
omg/api/internal/repository/orm/orders.go:813.32,817.3 3 0
omg/api/internal/repository/orm/orders.go:820.2,820.24 1 0
omg/api/internal/repository/orm/orders.go:820.24,823.3 2 0
omg/api/internal/repository/orm/orders.go:825.2,829.23 2 0
omg/api/internal/repository/orm/orders.go:829.23,833.3 3 0
omg/api/internal/repository/orm/orders.go:834.2,835.16 2 0
omg/api/internal/repository/orm/orders.go:835.16,837.3 1 0
omg/api/internal/repository/orm/orders.go:839.2,840.16 2 0
omg/api/internal/repository/orm/orders.go:840.16,842.3 1 0
omg/api/internal/repository/orm/orders.go:843.2,843.21 1 0
omg/api/internal/repository/orm/orders.go:848.196,849.14 1 0
omg/api/internal/repository/orm/orders.go:849.14,851.3 1 0
omg/api/internal/repository/orm/orders.go:852.2,852.37 1 0
omg/api/internal/repository/orm/orders.go:852.37,855.27 2 0
omg/api/internal/repository/orm/orders.go:855.27,857.4 1 0
omg/api/internal/repository/orm/orders.go:858.3,858.25 1 0
omg/api/internal/repository/orm/orders.go:861.2,865.22 3 0
omg/api/internal/repository/orm/orders.go:865.22,867.3 1 0
omg/api/internal/repository/orm/orders.go:867.8,869.3 1 0
omg/api/internal/repository/orm/orders.go:870.2,871.36 2 0
omg/api/internal/repository/orm/orders.go:871.36,873.3 1 0
omg/api/internal/repository/orm/orders.go:874.2,876.39 3 0
omg/api/internal/repository/orm/orders.go:876.39,878.3 1 0
omg/api/internal/repository/orm/orders.go:879.2,881.39 3 0
omg/api/internal/repository/orm/orders.go:881.39,883.3 1 0
omg/api/internal/repository/orm/orders.go:884.2,885.31 2 0
omg/api/internal/repository/orm/orders.go:885.31,887.3 1 0
omg/api/internal/repository/orm/orders.go:888.2,897.13 7 0
omg/api/internal/repository/orm/orders.go:897.13,910.43 3 0
omg/api/internal/repository/orm/orders.go:910.43,912.4 1 0
omg/api/internal/repository/orm/orders.go:914.3,917.65 3 0
omg/api/internal/repository/orm/orders.go:917.65,918.40 1 0
omg/api/internal/repository/orm/orders.go:918.40,920.5 1 0
omg/api/internal/repository/orm/orders.go:922.4,923.42 2 0
omg/api/internal/repository/orm/orders.go:925.3,928.17 3 0
omg/api/internal/repository/orm/orders.go:928.17,930.4 1 0
omg/api/internal/repository/orm/orders.go:931.3,931.20 1 0
omg/api/internal/repository/orm/orders.go:931.20,933.18 2 0
omg/api/internal/repository/orm/orders.go:933.18,935.5 1 0
omg/api/internal/repository/orm/orders.go:939.2,942.32 4 0
omg/api/internal/repository/orm/orders.go:942.32,944.3 1 0
omg/api/internal/repository/orm/orders.go:946.2,946.23 1 0
omg/api/internal/repository/orm/orders.go:946.23,950.3 3 0
omg/api/internal/repository/orm/orders.go:951.2,951.32 1 0
omg/api/internal/repository/orm/orders.go:951.32,953.36 2 0
omg/api/internal/repository/orm/orders.go:953.36,955.4 1 0
omg/api/internal/repository/orm/orders.go:956.8,958.3 1 0
omg/api/internal/repository/orm/orders.go:959.2,959.16 1 0
omg/api/internal/repository/orm/orders.go:959.16,961.3 1 0
omg/api/internal/repository/orm/orders.go:963.2,963.13 1 0
omg/api/internal/repository/orm/orders.go:963.13,967.3 3 0
omg/api/internal/repository/orm/orders.go:969.2,969.12 1 0
omg/api/internal/repository/orm/orders.go:974.87,975.14 1 0
omg/api/internal/repository/orm/orders.go:975.14,977.3 1 0
omg/api/internal/repository/orm/orders.go:979.2,982.23 3 0
omg/api/internal/repository/orm/orders.go:982.23,986.3 3 0
omg/api/internal/repository/orm/orders.go:987.2,988.16 2 0
omg/api/internal/repository/orm/orders.go:988.16,990.3 1 0
omg/api/internal/repository/orm/orders.go:992.2,993.16 2 0
omg/api/internal/repository/orm/orders.go:993.16,995.3 1 0
omg/api/internal/repository/orm/orders.go:997.2,997.21 1 0
omg/api/internal/repository/orm/orders.go:1001.94,1002.20 1 0
omg/api/internal/repository/orm/orders.go:1002.20,1004.3 1 0
omg/api/internal/repository/orm/orders.go:1006.2,1009.16 3 0
omg/api/internal/repository/orm/orders.go:1009.16,1011.3 1 0
omg/api/internal/repository/orm/orders.go:1013.2,1014.16 2 0
omg/api/internal/repository/orm/orders.go:1014.16,1016.3 1 0
omg/api/internal/repository/orm/orders.go:1018.2,1018.21 1 0
omg/api/internal/repository/orm/orders.go:1022.94,1023.17 1 0
omg/api/internal/repository/orm/orders.go:1023.17,1025.3 1 0
omg/api/internal/repository/orm/orders.go:1027.2,1028.24 2 0
omg/api/internal/repository/orm/orders.go:1028.24,1031.3 2 0
omg/api/internal/repository/orm/orders.go:1033.2,1036.23 2 0
omg/api/internal/repository/orm/orders.go:1036.23,1040.3 3 0
omg/api/internal/repository/orm/orders.go:1041.2,1042.16 2 0
omg/api/internal/repository/orm/orders.go:1042.16,1044.3 1 0
omg/api/internal/repository/orm/orders.go:1046.2,1047.16 2 0
omg/api/internal/repository/orm/orders.go:1047.16,1049.3 1 0
omg/api/internal/repository/orm/orders.go:1051.2,1051.21 1 0
omg/api/internal/repository/orm/orders.go:1056.78,1058.16 2 0
omg/api/internal/repository/orm/orders.go:1058.16,1060.3 1 0
omg/api/internal/repository/orm/orders.go:1062.2,1063.12 2 0
omg/api/internal/repository/orm/orders.go:1068.86,1069.30 1 0
omg/api/internal/repository/orm/orders.go:1069.30,1071.3 1 0
omg/api/internal/repository/orm/orders.go:1073.2,1075.25 3 0
omg/api/internal/repository/orm/orders.go:1075.25,1078.3 2 0
omg/api/internal/repository/orm/orders.go:1080.2,1086.16 4 0
omg/api/internal/repository/orm/orders.go:1086.16,1088.3 1 0
omg/api/internal/repository/orm/orders.go:1090.2,1092.12 2 0
omg/api/internal/repository/orm/orders.go:1096.90,1100.23 3 0
omg/api/internal/repository/orm/orders.go:1100.23,1104.3 3 0
omg/api/internal/repository/orm/orders.go:1105.2,1108.16 3 0
omg/api/internal/repository/orm/orders.go:1108.16,1110.3 1 0
omg/api/internal/repository/orm/orders.go:1112.2,1112.20 1 0
omg/api/internal/repository/orm/orders.go:1116.86,1118.2 1 0
omg/api/internal/repository/orm/products.go:114.40,116.2 1 0
omg/api/internal/repository/orm/products.go:118.51,119.14 1 0
omg/api/internal/repository/orm/products.go:119.14,121.3 1 0
omg/api/internal/repository/orm/products.go:122.2,122.21 1 0
omg/api/internal/repository/orm/products.go:168.93,174.16 4 0
omg/api/internal/repository/orm/products.go:174.16,175.36 1 0
omg/api/internal/repository/orm/products.go:175.36,177.4 1 0
omg/api/internal/repository/orm/products.go:178.3,178.82 1 0
omg/api/internal/repository/orm/products.go:181.2,181.15 1 0
omg/api/internal/repository/orm/products.go:185.97,189.16 3 0
omg/api/internal/repository/orm/products.go:189.16,191.3 1 0
omg/api/internal/repository/orm/products.go:193.2,193.15 1 0
omg/api/internal/repository/orm/products.go:197.92,204.16 5 0
omg/api/internal/repository/orm/products.go:204.16,206.3 1 0
omg/api/internal/repository/orm/products.go:208.2,208.19 1 0
omg/api/internal/repository/orm/products.go:212.92,220.16 6 0
omg/api/internal/repository/orm/products.go:220.16,222.3 1 0
omg/api/internal/repository/orm/products.go:224.2,224.23 1 0
omg/api/internal/repository/orm/products.go:228.66,230.20 2 0
omg/api/internal/repository/orm/products.go:230.20,232.3 1 0
omg/api/internal/repository/orm/products.go:234.2,238.33 2 0
omg/api/internal/repository/orm/products.go:243.149,247.14 3 0
omg/api/internal/repository/orm/products.go:247.14,250.10 3 0
omg/api/internal/repository/orm/products.go:250.10,253.11 3 0
omg/api/internal/repository/orm/products.go:253.11,255.5 1 0
omg/api/internal/repository/orm/products.go:257.8,259.9 2 0
omg/api/internal/repository/orm/products.go:259.9,261.4 1 0
omg/api/internal/repository/orm/products.go:261.9,263.11 2 0
omg/api/internal/repository/orm/products.go:263.11,265.5 1 0
omg/api/internal/repository/orm/products.go:269.2,270.14 2 0
omg/api/internal/repository/orm/products.go:270.14,271.22 1 0
omg/api/internal/repository/orm/products.go:271.22,273.4 1 0
omg/api/internal/repository/orm/products.go:274.3,274.31 1 0
omg/api/internal/repository/orm/products.go:275.8,276.29 1 0
omg/api/internal/repository/orm/products.go:276.29,277.20 1 0
omg/api/internal/repository/orm/products.go:277.20,279.5 1 0
omg/api/internal/repository/orm/products.go:280.4,280.29 1 0
omg/api/internal/repository/orm/products.go:284.2,284.20 1 0
omg/api/internal/repository/orm/products.go:284.20,286.3 1 0
omg/api/internal/repository/orm/products.go:288.2,290.24 3 0
omg/api/internal/repository/orm/products.go:290.24,293.3 2 0
omg/api/internal/repository/orm/products.go:295.2,299.17 2 0
omg/api/internal/repository/orm/products.go:299.17,301.3 1 0
omg/api/internal/repository/orm/products.go:303.2,304.16 2 0
omg/api/internal/repository/orm/products.go:304.16,306.3 1 0
omg/api/internal/repository/orm/products.go:308.2,309.59 2 0
omg/api/internal/repository/orm/products.go:309.59,311.3 1 0
omg/api/internal/repository/orm/products.go:313.2,313.39 1 0
omg/api/internal/repository/orm/products.go:313.39,315.3 1 0
omg/api/internal/repository/orm/products.go:316.2,316.37 1 0
omg/api/internal/repository/orm/products.go:316.37,318.3 1 0
omg/api/internal/repository/orm/products.go:320.2,320.14 1 0
omg/api/internal/repository/orm/products.go:320.14,322.39 2 0
omg/api/internal/repository/orm/products.go:322.39,323.24 1 0
omg/api/internal/repository/orm/products.go:323.24,325.5 1 0
omg/api/internal/repository/orm/products.go:326.4,326.30 1 0
omg/api/internal/repository/orm/products.go:328.3,328.13 1 0
omg/api/internal/repository/orm/products.go:331.2,331.38 1 0
omg/api/internal/repository/orm/products.go:331.38,332.31 1 0
omg/api/internal/repository/orm/products.go:332.31,333.37 1 0
omg/api/internal/repository/orm/products.go:333.37,335.25 2 0
omg/api/internal/repository/orm/products.go:335.25,337.6 1 0
omg/api/internal/repository/orm/products.go:338.5,339.10 2 0
omg/api/internal/repository/orm/products.go:344.2,344.12 1 0
omg/api/internal/repository/orm/products.go:351.123,353.30 2 0
omg/api/internal/repository/orm/products.go:353.30,354.13 1 0
omg/api/internal/repository/orm/products.go:354.13,356.61 2 0
omg/api/internal/repository/orm/products.go:356.61,358.5 1 0
omg/api/internal/repository/orm/products.go:359.9,367.25 3 0
omg/api/internal/repository/orm/products.go:367.25,371.5 3 0
omg/api/internal/repository/orm/products.go:372.4,372.74 1 0
omg/api/internal/repository/orm/products.go:372.74,374.5 1 0
omg/api/internal/repository/orm/products.go:376.4,376.24 1 0
omg/api/internal/repository/orm/products.go:380.2,380.16 1 0
omg/api/internal/repository/orm/products.go:380.16,384.3 1 0
omg/api/internal/repository/orm/products.go:384.8,386.3 1 0
omg/api/internal/repository/orm/products.go:388.2,388.30 1 0
omg/api/internal/repository/orm/products.go:388.30,389.19 1 0
omg/api/internal/repository/orm/products.go:389.19,393.4 1 0
omg/api/internal/repository/orm/products.go:393.9,395.4 1 0
omg/api/internal/repository/orm/products.go:397.2,397.12 1 0
omg/api/internal/repository/orm/products.go:401.49,404.36 3 0
omg/api/internal/repository/orm/products.go:404.36,406.3 1 0
omg/api/internal/repository/orm/products.go:408.2,408.24 1 0
omg/api/internal/repository/orm/products.go:413.116,417.25 3 0
omg/api/internal/repository/orm/products.go:417.25,419.3 1 0
omg/api/internal/repository/orm/products.go:420.2,427.16 4 0
omg/api/internal/repository/orm/products.go:427.16,428.36 1 0
omg/api/internal/repository/orm/products.go:428.36,430.4 1 0
omg/api/internal/repository/orm/products.go:431.3,431.70 1 0
omg/api/internal/repository/orm/products.go:434.2,434.24 1 0
omg/api/internal/repository/orm/products.go:439.102,440.14 1 0
omg/api/internal/repository/orm/products.go:440.14,442.3 1 0
omg/api/internal/repository/orm/products.go:444.2,445.37 2 0
omg/api/internal/repository/orm/products.go:445.37,448.27 2 0
omg/api/internal/repository/orm/products.go:448.27,450.4 1 0
omg/api/internal/repository/orm/products.go:451.3,451.27 1 0
omg/api/internal/repository/orm/products.go:451.27,453.4 1 0
omg/api/internal/repository/orm/products.go:456.2,463.13 6 0
omg/api/internal/repository/orm/products.go:463.13,472.17 3 0
omg/api/internal/repository/orm/products.go:472.17,474.4 1 0
omg/api/internal/repository/orm/products.go:475.3,476.17 2 0
omg/api/internal/repository/orm/products.go:476.17,478.4 1 0
omg/api/internal/repository/orm/products.go:479.3,479.19 1 0
omg/api/internal/repository/orm/products.go:479.19,481.4 1 0
omg/api/internal/repository/orm/products.go:481.9,483.4 1 0
omg/api/internal/repository/orm/products.go:485.3,487.33 2 0
omg/api/internal/repository/orm/products.go:487.33,489.4 1 0
omg/api/internal/repository/orm/products.go:491.3,491.70 1 0
omg/api/internal/repository/orm/products.go:494.2,497.23 3 0
omg/api/internal/repository/orm/products.go:497.23,501.3 3 0
omg/api/internal/repository/orm/products.go:503.2,503.32 1 0
omg/api/internal/repository/orm/products.go:503.32,505.3 1 0
omg/api/internal/repository/orm/products.go:505.8,507.3 1 0
omg/api/internal/repository/orm/products.go:509.2,509.16 1 0
omg/api/internal/repository/orm/products.go:509.16,511.3 1 0
omg/api/internal/repository/orm/products.go:513.2,513.13 1 0
omg/api/internal/repository/orm/products.go:513.13,517.3 3 0
omg/api/internal/repository/orm/products.go:519.2,519.12 1 0
omg/api/internal/repository/orm/products.go:525.111,526.37 1 0
omg/api/internal/repository/orm/products.go:526.37,530.3 2 0
omg/api/internal/repository/orm/products.go:532.2,538.13 6 0
omg/api/internal/repository/orm/products.go:538.13,544.29 2 0
omg/api/internal/repository/orm/products.go:544.29,546.4 1 0
omg/api/internal/repository/orm/products.go:547.3,547.19 1 0
omg/api/internal/repository/orm/products.go:547.19,549.4 1 0
omg/api/internal/repository/orm/products.go:551.3,556.17 3 0
omg/api/internal/repository/orm/products.go:556.17,558.4 1 0
omg/api/internal/repository/orm/products.go:561.2,563.23 2 0
omg/api/internal/repository/orm/products.go:563.23,567.3 3 0
omg/api/internal/repository/orm/products.go:568.2,570.16 3 0
omg/api/internal/repository/orm/products.go:570.16,572.3 1 0
omg/api/internal/repository/orm/products.go:574.2,575.16 2 0
omg/api/internal/repository/orm/products.go:575.16,577.3 1 0
omg/api/internal/repository/orm/products.go:579.2,579.13 1 0
omg/api/internal/repository/orm/products.go:579.13,583.3 3 0
omg/api/internal/repository/orm/products.go:585.2,585.21 1 0
omg/api/internal/repository/orm/products.go:589.104,593.16 3 0
omg/api/internal/repository/orm/products.go:593.16,595.3 1 0
omg/api/internal/repository/orm/products.go:597.2,598.16 2 0
omg/api/internal/repository/orm/products.go:598.16,600.3 1 0
omg/api/internal/repository/orm/products.go:602.2,602.21 1 0
omg/api/internal/repository/orm/products.go:606.104,608.13 2 0
omg/api/internal/repository/orm/products.go:608.13,610.3 1 0
omg/api/internal/repository/orm/products.go:612.2,612.20 1 0
omg/api/internal/repository/orm/products.go:612.20,614.3 1 0
omg/api/internal/repository/orm/products.go:616.2,620.32 4 0
omg/api/internal/repository/orm/products.go:620.32,624.3 3 0
omg/api/internal/repository/orm/products.go:627.2,627.24 1 0
omg/api/internal/repository/orm/products.go:627.24,630.3 2 0
omg/api/internal/repository/orm/products.go:632.2,636.23 2 0
omg/api/internal/repository/orm/products.go:636.23,640.3 3 0
omg/api/internal/repository/orm/products.go:641.2,642.16 2 0
omg/api/internal/repository/orm/products.go:642.16,644.3 1 0
omg/api/internal/repository/orm/products.go:646.2,647.16 2 0
omg/api/internal/repository/orm/products.go:647.16,649.3 1 0
omg/api/internal/repository/orm/products.go:650.2,650.21 1 0
omg/api/internal/repository/orm/products.go:655.198,656.14 1 0
omg/api/internal/repository/orm/products.go:656.14,658.3 1 0
omg/api/internal/repository/orm/products.go:659.2,659.37 1 0
omg/api/internal/repository/orm/products.go:659.37,662.27 2 0
omg/api/internal/repository/orm/products.go:662.27,664.4 1 0
omg/api/internal/repository/orm/products.go:665.3,665.25 1 0
omg/api/internal/repository/orm/products.go:668.2,672.22 3 0
omg/api/internal/repository/orm/products.go:672.22,674.3 1 0
omg/api/internal/repository/orm/products.go:674.8,676.3 1 0
omg/api/internal/repository/orm/products.go:677.2,678.36 2 0
omg/api/internal/repository/orm/products.go:678.36,680.3 1 0
omg/api/internal/repository/orm/products.go:681.2,683.39 3 0
omg/api/internal/repository/orm/products.go:683.39,685.3 1 0
omg/api/internal/repository/orm/products.go:686.2,688.39 3 0
omg/api/internal/repository/orm/products.go:688.39,690.3 1 0
omg/api/internal/repository/orm/products.go:691.2,692.31 2 0
omg/api/internal/repository/orm/products.go:692.31,694.3 1 0
omg/api/internal/repository/orm/products.go:695.2,704.13 7 0
omg/api/internal/repository/orm/products.go:704.13,717.43 3 0
omg/api/internal/repository/orm/products.go:717.43,719.4 1 0
omg/api/internal/repository/orm/products.go:721.3,724.65 3 0
omg/api/internal/repository/orm/products.go:724.65,725.42 1 0
omg/api/internal/repository/orm/products.go:725.42,727.5 1 0
omg/api/internal/repository/orm/products.go:729.4,730.44 2 0
omg/api/internal/repository/orm/products.go:732.3,735.17 3 0
omg/api/internal/repository/orm/products.go:735.17,737.4 1 0
omg/api/internal/repository/orm/products.go:738.3,738.20 1 0
omg/api/internal/repository/orm/products.go:738.20,740.18 2 0
omg/api/internal/repository/orm/products.go:740.18,742.5 1 0
omg/api/internal/repository/orm/products.go:746.2,749.32 4 0
omg/api/internal/repository/orm/products.go:749.32,751.3 1 0
omg/api/internal/repository/orm/products.go:753.2,753.23 1 0
omg/api/internal/repository/orm/products.go:753.23,757.3 3 0
omg/api/internal/repository/orm/products.go:758.2,758.32 1 0
omg/api/internal/repository/orm/products.go:758.32,760.36 2 0
omg/api/internal/repository/orm/products.go:760.36,762.4 1 0
omg/api/internal/repository/orm/products.go:763.8,765.3 1 0
omg/api/internal/repository/orm/products.go:766.2,766.16 1 0
omg/api/internal/repository/orm/products.go:766.16,768.3 1 0
omg/api/internal/repository/orm/products.go:770.2,770.13 1 0
omg/api/internal/repository/orm/products.go:770.13,774.3 3 0
omg/api/internal/repository/orm/products.go:776.2,776.12 1 0
omg/api/internal/repository/orm/products.go:781.89,782.14 1 0
omg/api/internal/repository/orm/products.go:782.14,784.3 1 0
omg/api/internal/repository/orm/products.go:786.2,789.23 3 0
omg/api/internal/repository/orm/products.go:789.23,793.3 3 0
omg/api/internal/repository/orm/products.go:794.2,795.16 2 0
omg/api/internal/repository/orm/products.go:795.16,797.3 1 0
omg/api/internal/repository/orm/products.go:799.2,800.16 2 0
omg/api/internal/repository/orm/products.go:800.16,802.3 1 0
omg/api/internal/repository/orm/products.go:804.2,804.21 1 0
omg/api/internal/repository/orm/products.go:808.96,809.20 1 0
omg/api/internal/repository/orm/products.go:809.20,811.3 1 0
omg/api/internal/repository/orm/products.go:813.2,816.16 3 0
omg/api/internal/repository/orm/products.go:816.16,818.3 1 0
omg/api/internal/repository/orm/products.go:820.2,821.16 2 0
omg/api/internal/repository/orm/products.go:821.16,823.3 1 0
omg/api/internal/repository/orm/products.go:825.2,825.21 1 0
omg/api/internal/repository/orm/products.go:829.96,830.17 1 0
omg/api/internal/repository/orm/products.go:830.17,832.3 1 0
omg/api/internal/repository/orm/products.go:834.2,835.24 2 0
omg/api/internal/repository/orm/products.go:835.24,838.3 2 0
omg/api/internal/repository/orm/products.go:840.2,843.23 2 0
omg/api/internal/repository/orm/products.go:843.23,847.3 3 0
omg/api/internal/repository/orm/products.go:848.2,849.16 2 0
omg/api/internal/repository/orm/products.go:849.16,851.3 1 0
omg/api/internal/repository/orm/products.go:853.2,854.16 2 0
omg/api/internal/repository/orm/products.go:854.16,856.3 1 0
omg/api/internal/repository/orm/products.go:858.2,858.21 1 0
omg/api/internal/repository/orm/products.go:863.80,865.16 2 0
omg/api/internal/repository/orm/products.go:865.16,867.3 1 0
omg/api/internal/repository/orm/products.go:869.2,870.12 2 0
omg/api/internal/repository/orm/products.go:875.88,876.30 1 0
omg/api/internal/repository/orm/products.go:876.30,878.3 1 0
omg/api/internal/repository/orm/products.go:880.2,882.25 3 0
omg/api/internal/repository/orm/products.go:882.25,885.3 2 0
omg/api/internal/repository/orm/products.go:887.2,893.16 4 0
omg/api/internal/repository/orm/products.go:893.16,895.3 1 0
omg/api/internal/repository/orm/products.go:897.2,899.12 2 0
omg/api/internal/repository/orm/products.go:903.92,907.23 3 0
omg/api/internal/repository/orm/products.go:907.23,911.3 3 0
omg/api/internal/repository/orm/products.go:912.2,915.16 3 0
omg/api/internal/repository/orm/products.go:915.16,917.3 1 0
omg/api/internal/repository/orm/products.go:919.2,919.20 1 0
omg/api/internal/repository/orm/products.go:923.88,925.2 1 0
omg/api/internal/repository/orm/psql_upsert.go:21.67,22.32 1 0
omg/api/internal/repository/orm/psql_upsert.go:22.32,24.3 1 0
omg/api/internal/repository/orm/psql_upsert.go:27.57,28.32 1 0
omg/api/internal/repository/orm/psql_upsert.go:28.32,30.3 1 0
omg/api/internal/repository/orm/psql_upsert.go:34.169,40.25 5 0
omg/api/internal/repository/orm/psql_upsert.go:40.25,42.3 1 0
omg/api/internal/repository/orm/psql_upsert.go:44.2,48.25 4 0
omg/api/internal/repository/orm/psql_upsert.go:48.25,52.3 1 0
omg/api/internal/repository/orm/psql_upsert.go:54.2,61.37 2 0
omg/api/internal/repository/orm/psql_upsert.go:61.37,63.3 1 0
omg/api/internal/repository/orm/psql_upsert.go:63.8,63.31 1 0
omg/api/internal/repository/orm/psql_upsert.go:63.31,67.3 3 0
omg/api/internal/repository/orm/psql_upsert.go:68.2,70.43 2 0
omg/api/internal/repository/orm/psql_upsert.go:70.43,72.3 1 0
omg/api/internal/repository/orm/psql_upsert.go:72.8,75.33 2 0
omg/api/internal/repository/orm/psql_upsert.go:75.33,77.4 1 0
omg/api/internal/repository/orm/psql_upsert.go:77.9,78.29 1 0
omg/api/internal/repository/orm/psql_upsert.go:78.29,79.20 1 0
omg/api/internal/repository/orm/psql_upsert.go:79.20,80.14 1 0
omg/api/internal/repository/orm/psql_upsert.go:82.5,82.15 1 0
omg/api/internal/repository/orm/psql_upsert.go:82.15,84.6 1 0
omg/api/internal/repository/orm/psql_upsert.go:85.5,88.28 4 0
omg/api/internal/repository/orm/psql_upsert.go:93.2,93.19 1 0
omg/api/internal/repository/orm/psql_upsert.go:93.19,96.3 2 0
omg/api/internal/repository/orm/psql_upsert.go:98.2,98.21 1 0
omg/api/internal/repository/orm/users.go:107.34,109.2 1 0
omg/api/internal/repository/orm/users.go:111.40,112.14 1 0
omg/api/internal/repository/orm/users.go:112.14,114.3 1 0
omg/api/internal/repository/orm/users.go:115.2,115.17 1 0
omg/api/internal/repository/orm/users.go:161.87,167.16 4 0
omg/api/internal/repository/orm/users.go:167.16,168.36 1 0
omg/api/internal/repository/orm/users.go:168.36,170.4 1 0
omg/api/internal/repository/orm/users.go:171.3,171.79 1 0
omg/api/internal/repository/orm/users.go:174.2,174.15 1 0
omg/api/internal/repository/orm/users.go:178.91,182.16 3 0
omg/api/internal/repository/orm/users.go:182.16,184.3 1 0
omg/api/internal/repository/orm/users.go:186.2,186.15 1 0
omg/api/internal/repository/orm/users.go:190.89,197.16 5 0
omg/api/internal/repository/orm/users.go:197.16,199.3 1 0
omg/api/internal/repository/orm/users.go:201.2,201.19 1 0
omg/api/internal/repository/orm/users.go:205.89,213.16 6 0
omg/api/internal/repository/orm/users.go:213.16,215.3 1 0
omg/api/internal/repository/orm/users.go:217.2,217.23 1 0
omg/api/internal/repository/orm/users.go:221.55,223.20 2 0
omg/api/internal/repository/orm/users.go:223.20,225.3 1 0
omg/api/internal/repository/orm/users.go:227.2,231.29 2 0
omg/api/internal/repository/orm/users.go:236.139,240.14 3 0
omg/api/internal/repository/orm/users.go:240.14,243.10 3 0
omg/api/internal/repository/orm/users.go:243.10,246.11 3 0
omg/api/internal/repository/orm/users.go:246.11,248.5 1 0
omg/api/internal/repository/orm/users.go:250.8,252.9 2 0
omg/api/internal/repository/orm/users.go:252.9,254.4 1 0
omg/api/internal/repository/orm/users.go:254.9,256.11 2 0
omg/api/internal/repository/orm/users.go:256.11,258.5 1 0
omg/api/internal/repository/orm/users.go:262.2,263.14 2 0
omg/api/internal/repository/orm/users.go:263.14,264.22 1 0
omg/api/internal/repository/orm/users.go:264.22,266.4 1 0
omg/api/internal/repository/orm/users.go:267.3,267.31 1 0
omg/api/internal/repository/orm/users.go:268.8,269.29 1 0
omg/api/internal/repository/orm/users.go:269.29,270.20 1 0
omg/api/internal/repository/orm/users.go:270.20,272.5 1 0
omg/api/internal/repository/orm/users.go:273.4,273.29 1 0
omg/api/internal/repository/orm/users.go:277.2,277.20 1 0
omg/api/internal/repository/orm/users.go:277.20,279.3 1 0
omg/api/internal/repository/orm/users.go:281.2,283.24 3 0
omg/api/internal/repository/orm/users.go:283.24,286.3 2 0
omg/api/internal/repository/orm/users.go:288.2,292.17 2 0
omg/api/internal/repository/orm/users.go:292.17,294.3 1 0
omg/api/internal/repository/orm/users.go:296.2,297.16 2 0
omg/api/internal/repository/orm/users.go:297.16,299.3 1 0
omg/api/internal/repository/orm/users.go:301.2,302.59 2 0
omg/api/internal/repository/orm/users.go:302.59,304.3 1 0
omg/api/internal/repository/orm/users.go:306.2,306.39 1 0
omg/api/internal/repository/orm/users.go:306.39,308.3 1 0
omg/api/internal/repository/orm/users.go:309.2,309.37 1 0
omg/api/internal/repository/orm/users.go:309.37,311.3 1 0
omg/api/internal/repository/orm/users.go:313.2,313.14 1 0
omg/api/internal/repository/orm/users.go:313.14,315.39 2 0
omg/api/internal/repository/orm/users.go:315.39,316.24 1 0
omg/api/internal/repository/orm/users.go:316.24,318.5 1 0
omg/api/internal/repository/orm/users.go:319.4,319.27 1 0
omg/api/internal/repository/orm/users.go:321.3,321.13 1 0
omg/api/internal/repository/orm/users.go:324.2,324.38 1 0
omg/api/internal/repository/orm/users.go:324.38,325.31 1 0
omg/api/internal/repository/orm/users.go:325.31,326.34 1 0
omg/api/internal/repository/orm/users.go:326.34,328.25 2 0
omg/api/internal/repository/orm/users.go:328.25,330.6 1 0
omg/api/internal/repository/orm/users.go:331.5,332.10 2 0
omg/api/internal/repository/orm/users.go:337.2,337.12 1 0
omg/api/internal/repository/orm/users.go:344.112,346.30 2 0
omg/api/internal/repository/orm/users.go:346.30,347.13 1 0
omg/api/internal/repository/orm/users.go:347.13,349.61 2 0
omg/api/internal/repository/orm/users.go:349.61,351.5 1 0
omg/api/internal/repository/orm/users.go:352.9,360.25 3 0
omg/api/internal/repository/orm/users.go:360.25,364.5 3 0
omg/api/internal/repository/orm/users.go:365.4,365.74 1 0
omg/api/internal/repository/orm/users.go:365.74,367.5 1 0
omg/api/internal/repository/orm/users.go:369.4,369.21 1 0
omg/api/internal/repository/orm/users.go:373.2,373.16 1 0
omg/api/internal/repository/orm/users.go:373.16,377.3 1 0
omg/api/internal/repository/orm/users.go:377.8,379.3 1 0
omg/api/internal/repository/orm/users.go:381.2,381.30 1 0
omg/api/internal/repository/orm/users.go:381.30,382.19 1 0
omg/api/internal/repository/orm/users.go:382.19,386.4 1 0
omg/api/internal/repository/orm/users.go:386.9,388.4 1 0
omg/api/internal/repository/orm/users.go:390.2,390.12 1 0
omg/api/internal/repository/orm/users.go:394.43,397.36 3 0
omg/api/internal/repository/orm/users.go:397.36,399.3 1 0
omg/api/internal/repository/orm/users.go:401.2,401.21 1 0
omg/api/internal/repository/orm/users.go:406.110,410.25 3 0
omg/api/internal/repository/orm/users.go:410.25,412.3 1 0
omg/api/internal/repository/orm/users.go:413.2,420.16 4 0
omg/api/internal/repository/orm/users.go:420.16,421.36 1 0
omg/api/internal/repository/orm/users.go:421.36,423.4 1 0
omg/api/internal/repository/orm/users.go:424.3,424.67 1 0
omg/api/internal/repository/orm/users.go:427.2,427.21 1 0
omg/api/internal/repository/orm/users.go:432.99,433.14 1 0
omg/api/internal/repository/orm/users.go:433.14,435.3 1 0
omg/api/internal/repository/orm/users.go:437.2,438.37 2 0
omg/api/internal/repository/orm/users.go:438.37,441.27 2 0
omg/api/internal/repository/orm/users.go:441.27,443.4 1 0
omg/api/internal/repository/orm/users.go:444.3,444.27 1 0
omg/api/internal/repository/orm/users.go:444.27,446.4 1 0
omg/api/internal/repository/orm/users.go:449.2,456.13 6 0
omg/api/internal/repository/orm/users.go:456.13,465.17 3 0
omg/api/internal/repository/orm/users.go:465.17,467.4 1 0
omg/api/internal/repository/orm/users.go:468.3,469.17 2 0
omg/api/internal/repository/orm/users.go:469.17,471.4 1 0
omg/api/internal/repository/orm/users.go:472.3,472.19 1 0
omg/api/internal/repository/orm/users.go:472.19,474.4 1 0
omg/api/internal/repository/orm/users.go:474.9,476.4 1 0
omg/api/internal/repository/orm/users.go:478.3,480.33 2 0
omg/api/internal/repository/orm/users.go:480.33,482.4 1 0
omg/api/internal/repository/orm/users.go:484.3,484.70 1 0
omg/api/internal/repository/orm/users.go:487.2,490.23 3 0
omg/api/internal/repository/orm/users.go:490.23,494.3 3 0
omg/api/internal/repository/orm/users.go:496.2,496.32 1 0
omg/api/internal/repository/orm/users.go:496.32,498.3 1 0
omg/api/internal/repository/orm/users.go:498.8,500.3 1 0
omg/api/internal/repository/orm/users.go:502.2,502.16 1 0
omg/api/internal/repository/orm/users.go:502.16,504.3 1 0
omg/api/internal/repository/orm/users.go:506.2,506.13 1 0
omg/api/internal/repository/orm/users.go:506.13,510.3 3 0
omg/api/internal/repository/orm/users.go:512.2,512.12 1 0
omg/api/internal/repository/orm/users.go:518.108,519.37 1 0
omg/api/internal/repository/orm/users.go:519.37,523.3 2 0
omg/api/internal/repository/orm/users.go:525.2,531.13 6 0
omg/api/internal/repository/orm/users.go:531.13,537.29 2 0
omg/api/internal/repository/orm/users.go:537.29,539.4 1 0
omg/api/internal/repository/orm/users.go:540.3,540.19 1 0
omg/api/internal/repository/orm/users.go:540.19,542.4 1 0
omg/api/internal/repository/orm/users.go:544.3,549.17 3 0
omg/api/internal/repository/orm/users.go:549.17,551.4 1 0
omg/api/internal/repository/orm/users.go:554.2,556.23 2 0
omg/api/internal/repository/orm/users.go:556.23,560.3 3 0
omg/api/internal/repository/orm/users.go:561.2,563.16 3 0
omg/api/internal/repository/orm/users.go:563.16,565.3 1 0
omg/api/internal/repository/orm/users.go:567.2,568.16 2 0
omg/api/internal/repository/orm/users.go:568.16,570.3 1 0
omg/api/internal/repository/orm/users.go:572.2,572.13 1 0
omg/api/internal/repository/orm/users.go:572.13,576.3 3 0
omg/api/internal/repository/orm/users.go:578.2,578.21 1 0
omg/api/internal/repository/orm/users.go:582.101,586.16 3 0
omg/api/internal/repository/orm/users.go:586.16,588.3 1 0
omg/api/internal/repository/orm/users.go:590.2,591.16 2 0
omg/api/internal/repository/orm/users.go:591.16,593.3 1 0
omg/api/internal/repository/orm/users.go:595.2,595.21 1 0
omg/api/internal/repository/orm/users.go:599.101,601.13 2 0
omg/api/internal/repository/orm/users.go:601.13,603.3 1 0
omg/api/internal/repository/orm/users.go:605.2,605.20 1 0
omg/api/internal/repository/orm/users.go:605.20,607.3 1 0
omg/api/internal/repository/orm/users.go:609.2,613.32 4 0
omg/api/internal/repository/orm/users.go:613.32,617.3 3 0
omg/api/internal/repository/orm/users.go:620.2,620.24 1 0
omg/api/internal/repository/orm/users.go:620.24,623.3 2 0
omg/api/internal/repository/orm/users.go:625.2,629.23 2 0
omg/api/internal/repository/orm/users.go:629.23,633.3 3 0
omg/api/internal/repository/orm/users.go:634.2,635.16 2 0
omg/api/internal/repository/orm/users.go:635.16,637.3 1 0
omg/api/internal/repository/orm/users.go:639.2,640.16 2 0
omg/api/internal/repository/orm/users.go:640.16,642.3 1 0
omg/api/internal/repository/orm/users.go:643.2,643.21 1 0
omg/api/internal/repository/orm/users.go:648.195,649.14 1 0
omg/api/internal/repository/orm/users.go:649.14,651.3 1 0
omg/api/internal/repository/orm/users.go:652.2,652.37 1 0
omg/api/internal/repository/orm/users.go:652.37,655.27 2 0
omg/api/internal/repository/orm/users.go:655.27,657.4 1 0
omg/api/internal/repository/orm/users.go:658.3,658.25 1 0
omg/api/internal/repository/orm/users.go:661.2,665.22 3 0
omg/api/internal/repository/orm/users.go:665.22,667.3 1 0
omg/api/internal/repository/orm/users.go:667.8,669.3 1 0
omg/api/internal/repository/orm/users.go:670.2,671.36 2 0
omg/api/internal/repository/orm/users.go:671.36,673.3 1 0
omg/api/internal/repository/orm/users.go:674.2,676.39 3 0
omg/api/internal/repository/orm/users.go:676.39,678.3 1 0
omg/api/internal/repository/orm/users.go:679.2,681.39 3 0
omg/api/internal/repository/orm/users.go:681.39,683.3 1 0
omg/api/internal/repository/orm/users.go:684.2,685.31 2 0
omg/api/internal/repository/orm/users.go:685.31,687.3 1 0
omg/api/internal/repository/orm/users.go:688.2,697.13 7 0
omg/api/internal/repository/orm/users.go:697.13,710.43 3 0
omg/api/internal/repository/orm/users.go:710.43,712.4 1 0
omg/api/internal/repository/orm/users.go:714.3,717.65 3 0
omg/api/internal/repository/orm/users.go:717.65,718.39 1 0
omg/api/internal/repository/orm/users.go:718.39,720.5 1 0
omg/api/internal/repository/orm/users.go:722.4,723.41 2 0
omg/api/internal/repository/orm/users.go:725.3,728.17 3 0
omg/api/internal/repository/orm/users.go:728.17,730.4 1 0
omg/api/internal/repository/orm/users.go:731.3,731.20 1 0
omg/api/internal/repository/orm/users.go:731.20,733.18 2 0
omg/api/internal/repository/orm/users.go:733.18,735.5 1 0
omg/api/internal/repository/orm/users.go:739.2,742.32 4 0
omg/api/internal/repository/orm/users.go:742.32,744.3 1 0
omg/api/internal/repository/orm/users.go:746.2,746.23 1 0
omg/api/internal/repository/orm/users.go:746.23,750.3 3 0
omg/api/internal/repository/orm/users.go:751.2,751.32 1 0
omg/api/internal/repository/orm/users.go:751.32,753.36 2 0
omg/api/internal/repository/orm/users.go:753.36,755.4 1 0
omg/api/internal/repository/orm/users.go:756.8,758.3 1 0
omg/api/internal/repository/orm/users.go:759.2,759.16 1 0
omg/api/internal/repository/orm/users.go:759.16,761.3 1 0
omg/api/internal/repository/orm/users.go:763.2,763.13 1 0
omg/api/internal/repository/orm/users.go:763.13,767.3 3 0
omg/api/internal/repository/orm/users.go:769.2,769.12 1 0
omg/api/internal/repository/orm/users.go:774.86,775.14 1 0
omg/api/internal/repository/orm/users.go:775.14,777.3 1 0
omg/api/internal/repository/orm/users.go:779.2,782.23 3 0
omg/api/internal/repository/orm/users.go:782.23,786.3 3 0
omg/api/internal/repository/orm/users.go:787.2,788.16 2 0
omg/api/internal/repository/orm/users.go:788.16,790.3 1 0
omg/api/internal/repository/orm/users.go:792.2,793.16 2 0
omg/api/internal/repository/orm/users.go:793.16,795.3 1 0
omg/api/internal/repository/orm/users.go:797.2,797.21 1 0
omg/api/internal/repository/orm/users.go:801.93,802.20 1 0
omg/api/internal/repository/orm/users.go:802.20,804.3 1 0
omg/api/internal/repository/orm/users.go:806.2,809.16 3 0
omg/api/internal/repository/orm/users.go:809.16,811.3 1 0
omg/api/internal/repository/orm/users.go:813.2,814.16 2 0
omg/api/internal/repository/orm/users.go:814.16,816.3 1 0
omg/api/internal/repository/orm/users.go:818.2,818.21 1 0
omg/api/internal/repository/orm/users.go:822.93,823.17 1 0
omg/api/internal/repository/orm/users.go:823.17,825.3 1 0
omg/api/internal/repository/orm/users.go:827.2,828.24 2 0
omg/api/internal/repository/orm/users.go:828.24,831.3 2 0
omg/api/internal/repository/orm/users.go:833.2,836.23 2 0
omg/api/internal/repository/orm/users.go:836.23,840.3 3 0
omg/api/internal/repository/orm/users.go:841.2,842.16 2 0
omg/api/internal/repository/orm/users.go:842.16,844.3 1 0
omg/api/internal/repository/orm/users.go:846.2,847.16 2 0
omg/api/internal/repository/orm/users.go:847.16,849.3 1 0
omg/api/internal/repository/orm/users.go:851.2,851.21 1 0
omg/api/internal/repository/orm/users.go:856.77,858.16 2 0
omg/api/internal/repository/orm/users.go:858.16,860.3 1 0
omg/api/internal/repository/orm/users.go:862.2,863.12 2 0
omg/api/internal/repository/orm/users.go:868.85,869.30 1 0
omg/api/internal/repository/orm/users.go:869.30,871.3 1 0
omg/api/internal/repository/orm/users.go:873.2,875.25 3 0
omg/api/internal/repository/orm/users.go:875.25,878.3 2 0
omg/api/internal/repository/orm/users.go:880.2,886.16 4 0
omg/api/internal/repository/orm/users.go:886.16,888.3 1 0
omg/api/internal/repository/orm/users.go:890.2,892.12 2 0
omg/api/internal/repository/orm/users.go:896.89,900.23 3 0
omg/api/internal/repository/orm/users.go:900.23,904.3 3 0
omg/api/internal/repository/orm/users.go:905.2,908.16 3 0
omg/api/internal/repository/orm/users.go:908.16,910.3 1 0
omg/api/internal/repository/orm/users.go:912.2,912.20 1 0
omg/api/internal/repository/orm/users.go:916.85,918.2 1 0
omg/api/internal/controller/orders/create.go:14.97,17.73 2 1
omg/api/internal/controller/orders/create.go:17.73,21.3 3 1
omg/api/internal/controller/orders/create.go:24.2,28.95 3 1
omg/api/internal/controller/orders/create.go:28.95,30.3 1 1
omg/api/internal/controller/orders/create.go:32.2,32.19 1 1
omg/api/internal/controller/orders/create.go:35.124,44.16 3 1
omg/api/internal/controller/orders/create.go:44.16,46.3 1 1
omg/api/internal/controller/orders/create.go:49.2,50.16 2 1
omg/api/internal/controller/orders/create.go:50.16,52.3 1 1
[...]
omg/api/internal/repository/orm/users.go:667.8,669.3 1 0
omg/api/internal/repository/orm/users.go:670.2,671.36 2 0
omg/api/internal/repository/orm/users.go:671.36,673.3 1 0
omg/api/internal/repository/orm/users.go:674.2,676.39 3 0
omg/api/internal/repository/orm/users.go:676.39,678.3 1 0
omg/api/internal/repository/orm/users.go:679.2,681.39 3 0
omg/api/internal/repository/orm/users.go:681.39,683.3 1 0
omg/api/internal/repository/orm/users.go:684.2,685.31 2 0
omg/api/internal/repository/orm/users.go:685.31,687.3 1 0
omg/api/internal/repository/orm/users.go:688.2,697.13 7 0
omg/api/internal/repository/orm/users.go:697.13,710.43 3 0
omg/api/internal/repository/orm/users.go:710.43,712.4 1 0
omg/api/internal/repository/orm/users.go:714.3,717.65 3 0
omg/api/internal/repository/orm/users.go:717.65,718.39 1 0
omg/api/internal/repository/orm/users.go:718.39,720.5 1 0
omg/api/internal/repository/orm/users.go:722.4,723.41 2 0
omg/api/internal/repository/orm/users.go:725.3,728.17 3 0
omg/api/internal/repository/orm/users.go:728.17,730.4 1 0
omg/api/internal/repository/orm/users.go:731.3,731.20 1 0
omg/api/internal/repository/orm/users.go:731.20,733.18 2 0
omg/api/internal/repository/orm/users.go:733.18,735.5 1 0
omg/api/internal/repository/orm/users.go:739.2,742.32 4 0
omg/api/internal/repository/orm/users.go:742.32,744.3 1 0
omg/api/internal/repository/orm/users.go:746.2,746.23 1 0
omg/api/internal/repository/orm/users.go:746.23,750.3 3 0
omg/api/internal/repository/orm/users.go:751.2,751.32 1 0
omg/api/internal/repository/orm/users.go:751.32,753.36 2 0
omg/api/internal/repository/orm/users.go:753.36,755.4 1 0
omg/api/internal/repository/orm/users.go:756.8,758.3 1 0
omg/api/internal/repository/orm/users.go:759.2,759.16 1 0
omg/api/internal/repository/orm/users.go:759.16,761.3 1 0
omg/api/internal/repository/orm/users.go:763.2,763.13 1 0
omg/api/internal/repository/orm/users.go:763.13,767.3 3 0
omg/api/internal/repository/orm/users.go:769.2,769.12 1 0
omg/api/internal/repository/orm/users.go:774.86,775.14 1 0
omg/api/internal/repository/orm/users.go:775.14,777.3 1 0
omg/api/internal/repository/orm/users.go:779.2,782.23 3 0
omg/api/internal/repository/orm/users.go:782.23,786.3 3 0
omg/api/internal/repository/orm/users.go:787.2,788.16 2 0
omg/api/internal/repository/orm/users.go:788.16,790.3 1 0
omg/api/internal/repository/orm/users.go:792.2,793.16 2 0
omg/api/internal/repository/orm/users.go:793.16,795.3 1 0
omg/api/internal/repository/orm/users.go:797.2,797.21 1 0
omg/api/internal/repository/orm/users.go:801.93,802.20 1 0
omg/api/internal/repository/orm/users.go:802.20,804.3 1 0
omg/api/internal/repository/orm/users.go:806.2,809.16 3 0
omg/api/internal/repository/orm/users.go:809.16,811.3 1 0
omg/api/internal/repository/orm/users.go:813.2,814.16 2 0
omg/api/internal/repository/orm/users.go:814.16,816.3 1 0
omg/api/internal/repository/orm/users.go:818.2,818.21 1 0
omg/api/internal/repository/orm/users.go:822.93,823.17 1 0
omg/api/internal/repository/orm/users.go:823.17,825.3 1 0
omg/api/internal/repository/orm/users.go:827.2,828.24 2 0
omg/api/internal/repository/orm/users.go:828.24,831.3 2 0
omg/api/internal/repository/orm/users.go:833.2,836.23 2 0
omg/api/internal/repository/orm/users.go:836.23,840.3 3 0
omg/api/internal/repository/orm/users.go:841.2,842.16 2 0
omg/api/internal/repository/orm/users.go:842.16,844.3 1 0
omg/api/internal/repository/orm/users.go:846.2,847.16 2 0
omg/api/internal/repository/orm/users.go:847.16,849.3 1 0
omg/api/internal/repository/orm/users.go:851.2,851.21 1 0
omg/api/internal/repository/orm/users.go:856.77,858.16 2 0
omg/api/internal/repository/orm/users.go:858.16,860.3 1 0
omg/api/internal/repository/orm/users.go:862.2,863.12 2 0
omg/api/internal/repository/orm/users.go:868.85,869.30 1 0
omg/api/internal/repository/orm/users.go:869.30,871.3 1 0
omg/api/internal/repository/orm/users.go:873.2,875.25 3 0
omg/api/internal/repository/orm/users.go:875.25,878.3 2 0
omg/api/internal/repository/orm/users.go:880.2,886.16 4 0
omg/api/internal/repository/orm/users.go:886.16,888.3 1 0
omg/api/internal/repository/orm/users.go:890.2,892.12 2 0
omg/api/internal/repository/orm/users.go:896.89,900.23 3 0
omg/api/internal/repository/orm/users.go:900.23,904.3 3 0
omg/api/internal/repository/orm/users.go:905.2,908.16 3 0
omg/api/internal/repository/orm/users.go:908.16,910.3 1 0
omg/api/internal/repository/orm/users.go:912.2,912.20 1 0
omg/api/internal/repository/orm/users.go:916.85,918.2 1 0
omg/api/internal/repository/user/common.go:8.37,18.2 1 1
omg/api/internal/repository/user/create_user.go:16.81,18.16 2 1
omg/api/internal/repository/user/create_user.go:18.16,20.3 1 0
omg/api/internal/repository/user/create_user.go:22.2,30.61 2 1
omg/api/internal/repository/user/create_user.go:30.61,32.3 1 1
omg/api/internal/repository/user/create_user.go:34.2,38.15 4 1
omg/api/internal/repository/user/get_by_email.go:15.81,19.16 2 1
omg/api/internal/repository/user/get_by_email.go:19.16,20.36 1 1
omg/api/internal/repository/user/get_by_email.go:20.36,22.4 1 1
omg/api/internal/repository/user/get_by_email.go:23.3,23.48 1 1
omg/api/internal/repository/user/get_by_email.go:26.2,26.23 1 1
omg/api/internal/repository/user/get_by_id.go:15.74,19.16 2 1
omg/api/internal/repository/user/get_by_id.go:19.16,20.36 1 1
omg/api/internal/repository/user/get_by_id.go:20.36,22.4 1 1
omg/api/internal/repository/user/get_by_id.go:23.3,23.48 1 1
omg/api/internal/repository/user/get_by_id.go:26.2,26.23 1 1
omg/api/internal/repository/user/get_users.go:14.67,19.16 2 1
omg/api/internal/repository/user/get_users.go:19.16,21.3 1 1
omg/api/internal/repository/user/get_users.go:23.2,24.22 2 1
omg/api/internal/repository/user/get_users.go:24.22,26.3 1 1
omg/api/internal/repository/user/get_users.go:27.2,27.19 1 1
omg/api/internal/repository/user/mock_Repository.go:18.95,21.19 2 0
omg/api/internal/repository/user/mock_Repository.go:21.19,22.52 1 0
omg/api/internal/repository/user/mock_Repository.go:25.2,27.86 3 0
omg/api/internal/repository/user/mock_Repository.go:27.86,29.3 1 0
omg/api/internal/repository/user/mock_Repository.go:30.2,30.77 1 0
omg/api/internal/repository/user/mock_Repository.go:30.77,32.3 1 0
omg/api/internal/repository/user/mock_Repository.go:32.8,34.3 1 0
omg/api/internal/repository/user/mock_Repository.go:36.2,36.72 1 0
omg/api/internal/repository/user/mock_Repository.go:36.72,38.3 1 0
omg/api/internal/repository/user/mock_Repository.go:38.8,40.3 1 0
omg/api/internal/repository/user/mock_Repository.go:42.2,42.15 1 0
omg/api/internal/repository/user/mock_Repository.go:46.91,49.19 2 0
omg/api/internal/repository/user/mock_Repository.go:49.19,50.52 1 0
omg/api/internal/repository/user/mock_Repository.go:53.2,55.82 3 0
omg/api/internal/repository/user/mock_Repository.go:55.82,57.3 1 0
omg/api/internal/repository/user/mock_Repository.go:58.2,58.73 1 0
omg/api/internal/repository/user/mock_Repository.go:58.73,60.3 1 0
omg/api/internal/repository/user/mock_Repository.go:60.8,62.3 1 0
omg/api/internal/repository/user/mock_Repository.go:64.2,64.68 1 0
omg/api/internal/repository/user/mock_Repository.go:64.68,66.3 1 0
omg/api/internal/repository/user/mock_Repository.go:66.8,68.3 1 0
omg/api/internal/repository/user/mock_Repository.go:70.2,70.15 1 0
omg/api/internal/repository/user/mock_Repository.go:74.87,77.19 2 0
omg/api/internal/repository/user/mock_Repository.go:77.19,78.49 1 0
omg/api/internal/repository/user/mock_Repository.go:81.2,83.81 3 0
omg/api/internal/repository/user/mock_Repository.go:83.81,85.3 1 0
omg/api/internal/repository/user/mock_Repository.go:86.2,86.72 1 0
omg/api/internal/repository/user/mock_Repository.go:86.72,88.3 1 0
omg/api/internal/repository/user/mock_Repository.go:88.8,90.3 1 0
omg/api/internal/repository/user/mock_Repository.go:92.2,92.67 1 0
omg/api/internal/repository/user/mock_Repository.go:92.67,94.3 1 0
omg/api/internal/repository/user/mock_Repository.go:94.8,96.3 1 0
omg/api/internal/repository/user/mock_Repository.go:98.2,98.15 1 0
omg/api/internal/repository/user/mock_Repository.go:102.79,105.19 2 0
omg/api/internal/repository/user/mock_Repository.go:105.19,106.50 1 0
omg/api/internal/repository/user/mock_Repository.go:109.2,111.76 3 0
omg/api/internal/repository/user/mock_Repository.go:111.76,113.3 1 0
omg/api/internal/repository/user/mock_Repository.go:114.2,114.67 1 0
omg/api/internal/repository/user/mock_Repository.go:114.67,116.3 1 0
omg/api/internal/repository/user/mock_Repository.go:116.8,117.24 1 0
omg/api/internal/repository/user/mock_Repository.go:117.24,119.4 1 0
omg/api/internal/repository/user/mock_Repository.go:122.2,122.60 1 0
omg/api/internal/repository/user/mock_Repository.go:122.60,124.3 1 0
omg/api/internal/repository/user/mock_Repository.go:124.8,126.3 1 0
omg/api/internal/repository/user/mock_Repository.go:128.2,128.15 1 0
omg/api/internal/repository/user/mock_Repository.go:132.77,135.19 2 0
omg/api/internal/repository/user/mock_Repository.go:135.19,136.48 1 0
omg/api/internal/repository/user/mock_Repository.go:139.2,140.72 2 0
omg/api/internal/repository/user/mock_Repository.go:140.72,142.3 1 0
omg/api/internal/repository/user/mock_Repository.go:142.8,144.3 1 0
omg/api/internal/repository/user/mock_Repository.go:146.2,146.11 1 0
omg/api/internal/repository/user/mock_Repository.go:154.20,158.19 3 0
omg/api/internal/repository/user/mock_Repository.go:158.19,158.49 1 0
omg/api/internal/repository/user/mock_Repository.go:160.2,160.13 1 0
omg/api/internal/repository/user/new.go:22.48,24.2 1 1
omg/api/internal/repository/user/update.go:15.63,17.16 2 1
omg/api/internal/repository/user/update.go:17.16,18.36 1 1
omg/api/internal/repository/user/update.go:18.36,20.4 1 1
omg/api/internal/repository/user/update.go:22.3,22.34 1 1
omg/api/internal/repository/user/update.go:25.2,36.17 5 1
omg/api/internal/repository/user/update.go:36.17,38.3 1 0
omg/api/internal/repository/user/update.go:40.2,40.12 1 1
omg/api/pkg/env/validate.go:12.41,15.15 2 1
omg/api/pkg/env/validate.go:15.15,17.3 1 0
omg/api/pkg/env/validate.go:18.2,18.12 1 1
omg/api/pkg/testutil/compare.go:12.113,16.42 1 1
omg/api/pkg/testutil/compare.go:16.42,18.4 1 0
omg/api/pkg/testutil/compare.go:21.2,21.43 1 1
omg/api/pkg/testutil/compare.go:21.43,25.3 2 0
omg/api/pkg/testutil/db.go:21.65,22.18 1 1
omg/api/pkg/testutil/db.go:22.18,28.3 5 1
omg/api/pkg/testutil/db.go:30.2,37.25 4 1
omg/api/pkg/testutil/db.go:57.32,58.55 1 0
omg/api/pkg/testutil/db.go:58.55,60.3 1 0
omg/api/pkg/testutil/db.go:62.2,64.12 2 0
omg/api/pkg/testutil/db.go:70.34,71.55 1 0
omg/api/pkg/testutil/db.go:71.55,73.3 1 0
omg/api/pkg/testutil/db.go:75.2,77.12 2 0
omg/api/pkg/testutil/db.go:81.28,83.2 1 0
omg/api/pkg/testutil/db.go:86.81,90.2 2 0
omg/api/pkg/testutil/db.go:92.45,94.2 1 0
omg/api/pkg/testutil/db.go:102.30,104.2 1 0
omg/api/pkg/testutil/db.go:107.32,109.2 1 0
omg/api/pkg/testutil/file.go:16.77,22.2 4 1
omg/api/pkg/testutil/file.go:25.48,27.2 1 1
omg/api/pkg/testutil/file.go:33.34,35.16 2 1
omg/api/pkg/testutil/file.go:35.16,37.3 1 0
omg/api/pkg/testutil/file.go:39.2,39.28 1 1
omg/api/pkg/testutil/file.go:45.44,47.16 2 1
omg/api/pkg/testutil/file.go:47.16,49.3 1 0
omg/api/pkg/testutil/file.go:51.2,51.44 1 1
omg/api/pkg/testutil/file.go:51.44,53.23 2 0
omg/api/pkg/testutil/file.go:53.23,55.4 1 0
omg/api/pkg/testutil/file.go:56.3,56.35 1 0
omg/api/pkg/testutil/file.go:59.2,59.17 1 1
omg/api/pkg/testutil/string.go:10.41,11.23 1 0
omg/api/pkg/testutil/string.go:12.14,13.23 1 0
omg/api/pkg/testutil/string.go:14.13,16.22 2 0
omg/api/pkg/testutil/string.go:17.10,19.22 2 0
omg/api/pkg/app/config.go:17.33,18.9 1 1
omg/api/pkg/app/config.go:23.18,24.47 1 1
omg/api/pkg/app/config.go:25.10,26.13 1 1
omg/api/pkg/app/env.go:16.27,17.11 1 1
omg/api/pkg/app/env.go:18.30,19.14 1 1
omg/api/pkg/app/env.go:20.10,21.15 1 1
omg/api/pkg/app/env.go:26.30,28.2 1 1
omg/api/pkg/env/validate.go:12.41,15.15 2 0
omg/api/pkg/env/validate.go:15.15,17.3 1 0
omg/api/pkg/env/validate.go:18.2,18.12 1 0
omg/api/pkg/httpserv/gql/error.go:22.103,23.62 1 0
omg/api/pkg/httpserv/gql/error.go:23.62,24.17 1 0
omg/api/pkg/httpserv/gql/error.go:24.17,26.4 1 0
omg/api/pkg/httpserv/gql/error.go:28.3,31.29 3 0
omg/api/pkg/httpserv/gql/error.go:31.29,32.32 1 0
omg/api/pkg/httpserv/gql/error.go:32.32,34.5 1 0
omg/api/pkg/httpserv/gql/error.go:34.10,36.5 1 0
omg/api/pkg/httpserv/gql/error.go:39.3,39.100 1 0
omg/api/pkg/httpserv/gql/error.go:39.100,43.4 1 0
omg/api/pkg/httpserv/gql/error.go:45.3,45.30 1 0
omg/api/pkg/httpserv/gql/error.go:45.30,48.4 2 0
omg/api/pkg/httpserv/gql/error.go:50.3,57.16 3 0
omg/api/pkg/httpserv/gql/error.go:63.89,64.35 1 0
omg/api/pkg/httpserv/gql/error.go:65.32,71.30 2 0
omg/api/pkg/httpserv/gql/error.go:71.30,73.4 1 0
omg/api/pkg/httpserv/gql/error.go:74.3,74.14 1 0
omg/api/pkg/httpserv/gql/error.go:75.27,81.30 2 0
omg/api/pkg/httpserv/gql/error.go:81.30,83.4 1 0
omg/api/pkg/httpserv/gql/error.go:84.3,84.14 1 0
omg/api/pkg/httpserv/gql/error.go:85.10,87.37 1 0
omg/api/pkg/httpserv/gql/handler.go:13.85,17.28 4 0
omg/api/pkg/httpserv/gql/handler.go:17.28,19.3 1 0
omg/api/pkg/httpserv/gql/handler.go:20.2,20.12 1 0
omg/api/pkg/httpserv/gql/scalar/float64.go:15.50,16.46 1 0
omg/api/pkg/httpserv/gql/scalar/float64.go:16.46,18.3 1 0
omg/api/pkg/httpserv/gql/scalar/float64.go:22.55,24.23 2 0
omg/api/pkg/httpserv/gql/scalar/float64.go:25.14,27.17 2 0
omg/api/pkg/httpserv/gql/scalar/float64.go:27.17,33.4 1 0
omg/api/pkg/httpserv/gql/scalar/float64.go:34.3,34.16 1 0
omg/api/pkg/httpserv/gql/scalar/float64.go:35.10,40.4 1 0
omg/api/pkg/httpserv/gql/scalar/float64.go:42.2,42.15 1 0
omg/api/pkg/httpserv/gql/scalar/int64.go:15.46,16.46 1 0
omg/api/pkg/httpserv/gql/scalar/int64.go:16.46,18.3 1 0
omg/api/pkg/httpserv/gql/scalar/int64.go:22.51,24.23 2 0
omg/api/pkg/httpserv/gql/scalar/int64.go:25.14,27.17 2 0
omg/api/pkg/httpserv/gql/scalar/int64.go:27.17,33.4 1 0
omg/api/pkg/httpserv/gql/scalar/int64.go:34.3,34.16 1 0
omg/api/pkg/httpserv/gql/scalar/int64.go:35.10,40.4 1 0
omg/api/pkg/httpserv/gql/scalar/int64.go:42.2,42.15 1 0
omg/api/pkg/httpserv/gql/scalar/time.go:14.49,15.16 1 0
omg/api/pkg/httpserv/gql/scalar/time.go:15.16,17.3 1 0
omg/api/pkg/httpserv/gql/scalar/time.go:19.2,19.46 1 0
omg/api/pkg/httpserv/gql/scalar/time.go:19.46,21.3 1 0
omg/api/pkg/httpserv/gql/scalar/time.go:25.54,27.23 2 0
omg/api/pkg/httpserv/gql/scalar/time.go:28.14,30.17 2 0
omg/api/pkg/httpserv/gql/scalar/time.go:30.17,36.4 1 0
omg/api/pkg/httpserv/gql/scalar/time.go:37.3,37.16 1 0
omg/api/pkg/httpserv/gql/scalar/time.go:38.10,43.4 1 0
omg/api/pkg/httpserv/gql/scalar/time.go:45.2,45.25 1 0
omg/api/pkg/db/pg/backoff.go:11.90,20.2 5 1
omg/api/pkg/db/pg/db.go:15.89,17.2 1 1
omg/api/pkg/db/pg/db.go:20.107,22.2 1 0
omg/api/pkg/db/pg/db.go:25.107,27.2 1 0
omg/api/pkg/db/pg/db.go:30.100,32.2 1 0
omg/api/pkg/db/pg/db.go:35.47,37.2 1 1
omg/api/pkg/db/pg/db.go:47.107,49.2 1 0
omg/api/pkg/db/pg/db.go:52.107,54.2 1 0
omg/api/pkg/db/pg/db.go:57.100,59.2 1 0
omg/api/pkg/db/pg/db.go:62.34,64.2 1 0
omg/api/pkg/db/pg/db.go:67.36,69.2 1 0
omg/api/pkg/db/pg/new.go:19.29,24.16 4 1
omg/api/pkg/db/pg/new.go:24.16,26.3 1 0
omg/api/pkg/db/pg/new.go:28.2,33.35 5 1
omg/api/pkg/db/pg/new.go:33.35,35.3 1 1
omg/api/pkg/db/pg/new.go:37.2,43.8 3 1
omg/api/pkg/db/pg/tx.go:13.99,15.2 1 1
omg/api/pkg/db/pg/tx.go:18.129,19.14 1 1
omg/api/pkg/db/pg/tx.go:19.14,21.3 1 0
omg/api/pkg/db/pg/tx.go:23.2,24.16 2 1
omg/api/pkg/db/pg/tx.go:24.16,26.3 1 0
omg/api/pkg/db/pg/tx.go:30.2,39.36 3 1
omg/api/pkg/db/pg/tx.go:39.36,41.3 1 1
omg/api/pkg/db/pg/tx.go:42.2,42.35 1 0
omg/api/pkg/db/pg/tx.go:42.35,44.3 1 0
omg/api/pkg/db/pg/tx.go:45.2,45.12 1 0
omg/api/pkg/db/pg/tx.go:48.99,52.39 3 1
omg/api/pkg/db/pg/tx.go:52.39,61.3 5 1
omg/api/pkg/db/pg/tx.go:61.46,63.3 1 0
omg/api/pkg/db/pg/tx.go:64.2,64.16 1 1
omg/api/pkg/httpserv/error.go:33.31,35.2 1 0
omg/api/pkg/httpserv/handler.go:12.44,29.2 6 0
omg/api/pkg/httpserv/handler_func.go:10.92,11.54 1 1
omg/api/pkg/httpserv/handler_func.go:11.54,14.33 2 1
omg/api/pkg/httpserv/handler_func.go:14.33,17.36 2 1
omg/api/pkg/httpserv/handler_func.go:17.36,18.101 1 1
omg/api/pkg/httpserv/handler_func.go:18.101,20.6 1 1
omg/api/pkg/httpserv/json.go:10.60,13.16 3 1
omg/api/pkg/httpserv/json.go:13.16,15.3 1 1
omg/api/pkg/httpserv/json.go:17.2,17.57 1 1
omg/api/pkg/httpserv/json.go:17.57,19.3 1 1
omg/api/pkg/httpserv/json.go:20.2,20.12 1 1
omg/api/pkg/httpserv/respond.go:15.79,17.2 1 1
omg/api/pkg/httpserv/respond.go:20.117,23.34 2 1
omg/api/pkg/httpserv/respond.go:23.34,25.3 1 0
omg/api/pkg/httpserv/respond.go:27.2,31.30 4 1
omg/api/pkg/httpserv/respond.go:32.14,33.104 1 1
omg/api/pkg/httpserv/respond.go:33.104,35.4 1 1
omg/api/pkg/httpserv/respond.go:36.3,37.18 2 1
omg/api/pkg/httpserv/respond.go:37.18,39.4 1 0
omg/api/pkg/httpserv/respond.go:40.3,40.40 1 1
omg/api/pkg/httpserv/respond.go:41.13,43.52 2 1
omg/api/pkg/httpserv/respond.go:44.10,45.37 1 0
omg/api/pkg/httpserv/respond.go:47.2,47.16 1 1
omg/api/pkg/httpserv/respond.go:47.16,50.3 2 0
omg/api/pkg/httpserv/respond.go:53.2,54.20 2 1
omg/api/pkg/httpserv/server.go:19.46,31.2 2 0
omg/api/pkg/httpserv/server.go:34.51,40.12 2 0
omg/api/pkg/httpserv/server.go:40.12,42.3 1 0
omg/api/pkg/httpserv/server.go:45.2,45.9 1 0
omg/api/pkg/httpserv/server.go:46.29,47.34 1 0
omg/api/pkg/httpserv/server.go:47.34,49.4 1 0
omg/api/pkg/httpserv/server.go:50.3,50.13 1 0
omg/api/pkg/httpserv/server.go:51.20,52.18 1 0
omg/api/pkg/httpserv/server.go:57.31,61.44 3 0
omg/api/pkg/httpserv/server.go:61.44,62.38 1 0
omg/api/pkg/httpserv/server.go:62.38,64.4 1 0
omg/api/pkg/httpserv/server.go:67.2,67.12 1 0
omg/api/pkg/testutil/compare.go:12.113,16.42 1 0
omg/api/pkg/testutil/compare.go:16.42,18.4 1 0
omg/api/pkg/testutil/compare.go:21.2,21.43 1 0
omg/api/pkg/testutil/compare.go:21.43,25.3 2 0
omg/api/pkg/testutil/db.go:21.65,22.18 1 0
omg/api/pkg/testutil/db.go:22.18,28.3 5 0
omg/api/pkg/testutil/db.go:30.2,37.25 4 0
omg/api/pkg/testutil/db.go:57.32,58.55 1 0
omg/api/pkg/testutil/db.go:58.55,60.3 1 0
omg/api/pkg/testutil/db.go:62.2,64.12 2 0
omg/api/pkg/testutil/db.go:70.34,71.55 1 0
omg/api/pkg/testutil/db.go:71.55,73.3 1 0
omg/api/pkg/testutil/db.go:75.2,77.12 2 0
omg/api/pkg/testutil/db.go:81.28,83.2 1 0
omg/api/pkg/testutil/db.go:86.81,90.2 2 0
omg/api/pkg/testutil/db.go:92.45,94.2 1 0
omg/api/pkg/testutil/db.go:102.30,104.2 1 0
omg/api/pkg/testutil/db.go:107.32,109.2 1 0
omg/api/pkg/testutil/file.go:16.77,22.2 4 0
omg/api/pkg/testutil/file.go:25.48,27.2 1 0
omg/api/pkg/testutil/file.go:33.34,35.16 2 0
omg/api/pkg/testutil/file.go:35.16,37.3 1 0
omg/api/pkg/testutil/file.go:39.2,39.28 1 0
omg/api/pkg/testutil/file.go:45.44,47.16 2 0
omg/api/pkg/testutil/file.go:47.16,49.3 1 0
omg/api/pkg/testutil/file.go:51.2,51.44 1 0
omg/api/pkg/testutil/file.go:51.44,53.23 2 0
omg/api/pkg/testutil/file.go:53.23,55.4 1 0
omg/api/pkg/testutil/file.go:56.3,56.35 1 0
omg/api/pkg/testutil/file.go:59.2,59.17 1 0
omg/api/pkg/testutil/string.go:10.41,11.23 1 0
omg/api/pkg/testutil/string.go:12.14,13.23 1 0
omg/api/pkg/testutil/string.go:14.13,16.22 2 0
omg/api/pkg/testutil/string.go:17.10,19.22 2 0
omg/api/pkg/snowflake/generate.go:11.47,13.16 2 1
omg/api/pkg/snowflake/generate.go:13.16,15.3 1 0
omg/api/pkg/snowflake/generate.go:17.2,17.13 1 1
omg/api/pkg/snowflake/generate.go:17.13,19.3 1 0
omg/api/pkg/snowflake/generate.go:21.2,21.23 1 1
omg/api/pkg/snowflake/new.go:15.46,19.27 2 1
omg/api/pkg/snowflake/new.go:19.27,20.33 1 1
omg/api/pkg/snowflake/new.go:20.33,22.4 1 1
omg/api/pkg/snowflake/new.go:25.2,27.8 1 1
omg/api/pkg/snowflake/option.go:15.36,16.43 1 1
omg/api/pkg/snowflake/option.go:16.43,17.40 1 1
omg/api/pkg/snowflake/option.go:17.40,19.4 1 1
omg/api/pkg/snowflake/option.go:21.3,22.13 2 1
omg/api/pkg/snowflake/option.go:27.34,28.43 1 1
omg/api/pkg/snowflake/option.go:28.43,29.14 1 1
omg/api/pkg/snowflake/option.go:29.14,31.4 1 1
omg/api/pkg/snowflake/option.go:32.3,32.40 1 1
omg/api/pkg/snowflake/option.go:32.40,34.4 1 1
omg/api/pkg/snowflake/option.go:35.3,35.13 1 1
